#
# A fatal error has been detected by the Java Runtime Environment:
#
#  Internal Error (0xc000000d), pid=8460, tid=8504
#
# JRE version: Java(TM) SE Runtime Environment (8.0_25-b18) (build 1.8.0_25-b18)
# Java VM: Java HotSpot(TM) 64-Bit Server VM (25.25-b02 mixed mode windows-amd64 compressed oops)
# Problematic frame:
# C  [ntdll.dll+0x73b81]
#
# Failed to write core dump. Minidumps are not enabled by default on client versions of Windows
#
# If you would like to submit a bug report, please visit:
#   http://bugreport.sun.com/bugreport/crash.jsp
#

---------------  T H R E A D  ---------------

Current thread (0x00000000027bb000):  VMThread [stack: 0x0000000016040000,0x0000000016140000] [id=8504]

siginfo: ExceptionCode=0xc000000d

Registers:
RAX=0x0000000061ce0e62, RBX=0x0000000000000000, RCX=0x000000001613ed10, RDX=0x0000000000000000
RSP=0x000000001613f320, RBP=0x000000001e804fa0, RSI=0x000007fee0b87408, RDI=0x000000001613f468
R8 =0x0000000000000000, R9 =0x0000000000000000, R10=0x0000000000000000, R11=0x0000000000000246
R12=0x000000001f806990, R13=0x000000001f806950, R14=0x000000001e8050a8, R15=0x0000000000000000
RIP=0x0000000077763b81, EFLAGS=0x0000000000000202

Top of Stack: (sp=0x000000001613f320)
0x000000001613f320:   0000000000000000 000007fee0b87408
0x000000001613f330:   000000001613f468 0000000000000000
0x000000001613f340:   0000000000000000 0000000000000000
0x000000001613f350:   0000000000000000 0000000000000000
0x000000001613f360:   0000000000000002 0000000000000000
0x000000001613f370:   00000000c000000d 0000000000000000
0x000000001613f380:   0000000077763b81 0000000000000000
0x000000001613f390:   0000000000000000 0000000000000000
0x000000001613f3a0:   0000000000000000 0000000000000000
0x000000001613f3b0:   0000000000000000 0000000000000000
0x000000001613f3c0:   0000000000000000 0000000000000000
0x000000001613f3d0:   0000000000000000 0000000000000000
0x000000001613f3e0:   0000000000000000 0000000000000000
0x000000001613f3f0:   0000000000000000 0000000000000000
0x000000001613f400:   0000000000000000 0000000000000101
0x000000001613f410:   0000000000000078 0000000077613328 

Instructions: (pc=0x0000000077763b81)
0x0000000077763b61:   1b ba fd ff b9 57 00 00 00 c7 44 24 50 0d 00 00
0x0000000077763b71:   c0 e8 09 bd fd ff 48 8d 4c 24 50 e8 3f 54 fa ff
0x0000000077763b81:   4c 8b 1d 50 a8 0b 00 4d 85 db 74 5b 65 48 8b 04
0x0000000077763b91:   25 30 00 00 00 f6 80 ee 17 00 00 08 74 12 65 48 


Register to memory mapping:

RAX=0x0000000061ce0e62 is an unknown value
RBX=0x0000000000000000 is an unknown value
RCX=0x000000001613ed10 is an unknown value
RDX=0x0000000000000000 is an unknown value
RSP=0x000000001613f320 is an unknown value
RBP=0x000000001e804fa0 is an unknown value
RSI=0x000007fee0b87408 is an unknown value
RDI=0x000000001613f468 is an unknown value
R8 =0x0000000000000000 is an unknown value
R9 =0x0000000000000000 is an unknown value
R10=0x0000000000000000 is an unknown value
R11=0x0000000000000246 is an unknown value
R12=0x000000001f806990 is an unknown value
R13=0x000000001f806950 is an unknown value
R14=0x000000001e8050a8 is an unknown value
R15=0x0000000000000000 is an unknown value


Stack: [0x0000000016040000,0x0000000016140000],  sp=0x000000001613f320,  free space=1020k
Native frames: (J=compiled Java code, j=interpreted, Vv=VM code, C=native code)
C  [ntdll.dll+0x73b81]
C  [kernel32.dll+0x43328]
C  [MSVCR110.dll+0x752d]
C  [MSVCR110.dll+0x14cde]
C  [MSVCR110.dll+0x13edc]
C  [MSVCR110.dll+0x239e]
C  [MSVCR110.dll+0xaf9e]
C  [MSVCP110.dll+0x397b9]
C  [librdi_common.dll+0x135d02]
C  [librdi_common.dll+0x13447b]
C  0x000007fedfb20904
C  0x000007fedfb20b86
C  [ntdll.dll+0x23a81]
C  [ntdll.dll+0x23890]
C  [MSVCR100.dll+0x20ccd]
V  [jvm.dll+0x1f9c55]
V  [jvm.dll+0x2325e7]
V  [jvm.dll+0x231826]
V  [jvm.dll+0x231cc1]
V  [jvm.dll+0x231ede]
V  [jvm.dll+0x2852fa]
C  [MSVCR100.dll+0x21d9f]
C  [MSVCR100.dll+0x21e3b]
C  [kernel32.dll+0x15a4d]
C  [ntdll.dll+0x2b831]

VM_Operation (0x000000000012f500): Exit, mode: safepoint, requested by thread 0x0000000002728000


---------------  P R O C E S S  ---------------

Java Threads: ( => current thread )
  0x0000000017a72000 JavaThread "EMF Reference Cleaner" daemon [_thread_blocked, id=8004, stack(0x000000001d310000,0x000000001d410000)]
  0x0000000017a71000 JavaThread "TCF Locator DNS Lookup" daemon [_thread_blocked, id=8868, stack(0x000000001be30000,0x000000001bf30000)]
  0x0000000017a70800 JavaThread "TCF Locator Timer" daemon [_thread_blocked, id=4396, stack(0x000000001bd30000,0x000000001be30000)]
  0x0000000017a6f800 JavaThread "TCF Locator Receiver" daemon [_thread_in_native, id=6140, stack(0x000000001bc30000,0x000000001bd30000)]
  0x0000000017a6e000 JavaThread "TCF Timer Dispatcher" daemon [_thread_blocked, id=7088, stack(0x000000001b950000,0x000000001ba50000)]
  0x00000000151d4000 JavaThread "Service Thread" daemon [_thread_blocked, id=7552, stack(0x0000000016940000,0x0000000016a40000)]
  0x0000000015156000 JavaThread "C1 CompilerThread3" daemon [_thread_blocked, id=8204, stack(0x0000000016840000,0x0000000016940000)]
  0x0000000015155000 JavaThread "C2 CompilerThread2" daemon [_thread_blocked, id=7224, stack(0x0000000016740000,0x0000000016840000)]
  0x0000000015142800 JavaThread "C2 CompilerThread1" daemon [_thread_blocked, id=7704, stack(0x0000000016640000,0x0000000016740000)]
  0x0000000015140800 JavaThread "C2 CompilerThread0" daemon [_thread_blocked, id=8980, stack(0x0000000016540000,0x0000000016640000)]
  0x000000001513d000 JavaThread "Attach Listener" daemon [_thread_blocked, id=8092, stack(0x0000000016440000,0x0000000016540000)]
  0x0000000015146800 JavaThread "Signal Dispatcher" daemon [_thread_blocked, id=8688, stack(0x0000000016340000,0x0000000016440000)]
  0x0000000013f77000 JavaThread "Finalizer" daemon [_thread_blocked, id=7856, stack(0x0000000016240000,0x0000000016340000)]
  0x00000000027be800 JavaThread "Reference Handler" daemon [_thread_blocked, id=8408, stack(0x0000000016140000,0x0000000016240000)]
  0x0000000002728000 JavaThread "main" [_thread_blocked, id=664, stack(0x0000000000030000,0x0000000000130000)]

Other Threads:
=>0x00000000027bb000 VMThread [stack: 0x0000000016040000,0x0000000016140000] [id=8504]

VM state:at safepoint (shutting down)

VM Mutex/Monitor currently owned by a thread:  ([mutex/lock_event])
[0x00000000026be5d0] Threads_lock - owner thread: 0x00000000027bb000

Heap:
 PSYoungGen      total 78848K, used 28829K [0x00000000f5580000, 0x00000000fb000000, 0x0000000100000000)
  eden space 70144K, 33% used [0x00000000f5580000,0x00000000f6c6e710,0x00000000f9a00000)
  from space 8704K, 61% used [0x00000000fa780000,0x00000000facb9050,0x00000000fb000000)
  to   space 11264K, 0% used [0x00000000f9a00000,0x00000000f9a00000,0x00000000fa500000)
 ParOldGen       total 44032K, used 20353K [0x00000000e0000000, 0x00000000e2b00000, 0x00000000f5580000)
  object space 44032K, 46% used [0x00000000e0000000,0x00000000e13e0568,0x00000000e2b00000)
 Metaspace       used 32023K, capacity 34484K, committed 34816K, reserved 1079296K
  class space    used 3543K, capacity 4283K, committed 4352K, reserved 1048576K

Card table byte_map: [0x0000000011b80000,0x0000000011c90000] byte_map_base: 0x0000000011480000

Marking Bits: (ParMarkBitMap*) 0x000000006ff5d490
 Begin Bits: [0x0000000012490000, 0x0000000012c90000)
 End Bits:   [0x0000000012c90000, 0x0000000013490000)

Polling page: 0x0000000000210000

CodeCache: size=245760Kb used=14937Kb max_used=14948Kb free=230822Kb
 bounds [0x00000000027c0000, 0x0000000003670000, 0x00000000117c0000]
 total_blobs=4371 nmethods=3790 adapters=493
 compilation: enabled

Compilation events (10 events):
Event: 7.735 Thread 0x0000000015140800 4271       4       java.io.WinNTFileSystem::resolve (231 bytes)
Event: 7.735 Thread 0x0000000015155000 nmethod 4222 0x0000000003660150 code [0x0000000003660440, 0x0000000003662e48]
Event: 7.735 Thread 0x0000000015142800 nmethod 4227 0x0000000003668550 code [0x00000000036689e0, 0x000000000366b700]
Event: 7.742 Thread 0x0000000015140800 nmethod 4271 0x000000000365d050 code [0x000000000365d200, 0x000000000365dab0]
Event: 7.749 Thread 0x0000000015156000 4272       3       org.eclipse.osgi.framework.internal.core.AbstractBundle::close (52 bytes)
Event: 7.749 Thread 0x0000000015156000 nmethod 4272 0x0000000003650990 code [0x0000000003650bc0, 0x00000000036518a8]
Event: 7.749 Thread 0x0000000015156000 4273       3       java.lang.reflect.AccessibleObject::setAccessible (21 bytes)
Event: 7.749 Thread 0x0000000015156000 nmethod 4273 0x000000000363a810 code [0x000000000363a9a0, 0x000000000363ac98]
Event: 7.750 Thread 0x0000000015156000 4274       1       java.util.logging.LogManager$LoggerContext::getOwner (5 bytes)
Event: 7.750 Thread 0x0000000015156000 nmethod 4274 0x0000000003650610 code [0x0000000003650760, 0x0000000003650870]

GC Heap History (10 events):
Event: 1.868 GC heap before
{Heap before GC invocations=5 (full 1):
 PSYoungGen      total 35328K, used 2553K [0x00000000f5580000, 0x00000000f7a80000, 0x0000000100000000)
  eden space 32768K, 0% used [0x00000000f5580000,0x00000000f5580000,0x00000000f7580000)
  from space 2560K, 99% used [0x00000000f7800000,0x00000000f7a7e630,0x00000000f7a80000)
  to   space 2560K, 0% used [0x00000000f7580000,0x00000000f7580000,0x00000000f7800000)
 ParOldGen       total 44032K, used 13346K [0x00000000e0000000, 0x00000000e2b00000, 0x00000000f5580000)
  object space 44032K, 30% used [0x00000000e0000000,0x00000000e0d088b8,0x00000000e2b00000)
 Metaspace       used 19270K, capacity 21138K, committed 21248K, reserved 1067008K
  class space    used 2154K, capacity 2766K, committed 2816K, reserved 1048576K
Event: 1.923 GC heap after
Heap after GC invocations=5 (full 1):
 PSYoungGen      total 35328K, used 0K [0x00000000f5580000, 0x00000000f7a80000, 0x0000000100000000)
  eden space 32768K, 0% used [0x00000000f5580000,0x00000000f5580000,0x00000000f7580000)
  from space 2560K, 0% used [0x00000000f7800000,0x00000000f7800000,0x00000000f7a80000)
  to   space 2560K, 0% used [0x00000000f7580000,0x00000000f7580000,0x00000000f7800000)
 ParOldGen       total 44032K, used 12280K [0x00000000e0000000, 0x00000000e2b00000, 0x00000000f5580000)
  object space 44032K, 27% used [0x00000000e0000000,0x00000000e0bfe160,0x00000000e2b00000)
 Metaspace       used 19270K, capacity 21138K, committed 21248K, reserved 1067008K
  class space    used 2154K, capacity 2766K, committed 2816K, reserved 1048576K
}
Event: 5.681 GC heap before
{Heap before GC invocations=6 (full 1):
 PSYoungGen      total 35328K, used 32768K [0x00000000f5580000, 0x00000000f7a80000, 0x0000000100000000)
  eden space 32768K, 100% used [0x00000000f5580000,0x00000000f7580000,0x00000000f7580000)
  from space 2560K, 0% used [0x00000000f7800000,0x00000000f7800000,0x00000000f7a80000)
  to   space 2560K, 0% used [0x00000000f7580000,0x00000000f7580000,0x00000000f7800000)
 ParOldGen       total 44032K, used 12280K [0x00000000e0000000, 0x00000000e2b00000, 0x00000000f5580000)
  object space 44032K, 27% used [0x00000000e0000000,0x00000000e0bfe160,0x00000000e2b00000)
 Metaspace       used 28819K, capacity 31258K, committed 31488K, reserved 1077248K
  class space    used 3317K, capacity 4013K, committed 4096K, reserved 1048576K
Event: 5.686 GC heap after
Heap after GC invocations=6 (full 1):
 PSYoungGen      total 35328K, used 2557K [0x00000000f5580000, 0x00000000f9c80000, 0x0000000100000000)
  eden space 32768K, 0% used [0x00000000f5580000,0x00000000f5580000,0x00000000f7580000)
  from space 2560K, 99% used [0x00000000f7580000,0x00000000f77ff428,0x00000000f7800000)
  to   space 12288K, 0% used [0x00000000f9080000,0x00000000f9080000,0x00000000f9c80000)
 ParOldGen       total 44032K, used 20329K [0x00000000e0000000, 0x00000000e2b00000, 0x00000000f5580000)
  object space 44032K, 46% used [0x00000000e0000000,0x00000000e13da568,0x00000000e2b00000)
 Metaspace       used 28819K, capacity 31258K, committed 31488K, reserved 1077248K
  class space    used 3317K, capacity 4013K, committed 4096K, reserved 1048576K
}
Event: 6.136 GC heap before
{Heap before GC invocations=7 (full 1):
 PSYoungGen      total 35328K, used 35325K [0x00000000f5580000, 0x00000000f9c80000, 0x0000000100000000)
  eden space 32768K, 100% used [0x00000000f5580000,0x00000000f7580000,0x00000000f7580000)
  from space 2560K, 99% used [0x00000000f7580000,0x00000000f77ff428,0x00000000f7800000)
  to   space 12288K, 0% used [0x00000000f9080000,0x00000000f9080000,0x00000000f9c80000)
 ParOldGen       total 44032K, used 20329K [0x00000000e0000000, 0x00000000e2b00000, 0x00000000f5580000)
  object space 44032K, 46% used [0x00000000e0000000,0x00000000e13da568,0x00000000e2b00000)
 Metaspace       used 30498K, capacity 33018K, committed 33152K, reserved 1079296K
  class space    used 3444K, capacity 4173K, committed 4224K, reserved 1048576K
Event: 6.144 GC heap after
Heap after GC invocations=7 (full 1):
 PSYoungGen      total 58368K, used 4723K [0x00000000f5580000, 0x00000000f9b00000, 0x0000000100000000)
  eden space 47616K, 0% used [0x00000000f5580000,0x00000000f5580000,0x00000000f8400000)
  from space 10752K, 43% used [0x00000000f9080000,0x00000000f951cdb0,0x00000000f9b00000)
  to   space 11776K, 0% used [0x00000000f8400000,0x00000000f8400000,0x00000000f8f80000)
 ParOldGen       total 44032K, used 20337K [0x00000000e0000000, 0x00000000e2b00000, 0x00000000f5580000)
  object space 44032K, 46% used [0x00000000e0000000,0x00000000e13dc568,0x00000000e2b00000)
 Metaspace       used 30498K, capacity 33018K, committed 33152K, reserved 1079296K
  class space    used 3444K, capacity 4173K, committed 4224K, reserved 1048576K
}
Event: 6.546 GC heap before
{Heap before GC invocations=8 (full 1):
 PSYoungGen      total 58368K, used 52339K [0x00000000f5580000, 0x00000000f9b00000, 0x0000000100000000)
  eden space 47616K, 100% used [0x00000000f5580000,0x00000000f8400000,0x00000000f8400000)
  from space 10752K, 43% used [0x00000000f9080000,0x00000000f951cdb0,0x00000000f9b00000)
  to   space 11776K, 0% used [0x00000000f8400000,0x00000000f8400000,0x00000000f8f80000)
 ParOldGen       total 44032K, used 20337K [0x00000000e0000000, 0x00000000e2b00000, 0x00000000f5580000)
  object space 44032K, 46% used [0x00000000e0000000,0x00000000e13dc568,0x00000000e2b00000)
 Metaspace       used 30772K, capacity 33242K, committed 33408K, reserved 1079296K
  class space    used 3454K, capacity 4205K, committed 4224K, reserved 1048576K
Event: 6.568 GC heap after
Heap after GC invocations=8 (full 1):
 PSYoungGen      total 59392K, used 4425K [0x00000000f5580000, 0x00000000fb300000, 0x0000000100000000)
  eden space 47616K, 0% used [0x00000000f5580000,0x00000000f5580000,0x00000000f8400000)
  from space 11776K, 37% used [0x00000000f8400000,0x00000000f8852690,0x00000000f8f80000)
  to   space 11776K, 0% used [0x00000000fa780000,0x00000000fa780000,0x00000000fb300000)
 ParOldGen       total 44032K, used 20345K [0x00000000e0000000, 0x00000000e2b00000, 0x00000000f5580000)
  object space 44032K, 46% used [0x00000000e0000000,0x00000000e13de568,0x00000000e2b00000)
 Metaspace       used 30772K, capacity 33242K, committed 33408K, reserved 1079296K
  class space    used 3454K, capacity 4205K, committed 4224K, reserved 1048576K
}
Event: 6.970 GC heap before
{Heap before GC invocations=9 (full 1):
 PSYoungGen      total 59392K, used 52041K [0x00000000f5580000, 0x00000000fb300000, 0x0000000100000000)
  eden space 47616K, 100% used [0x00000000f5580000,0x00000000f8400000,0x00000000f8400000)
  from space 11776K, 37% used [0x00000000f8400000,0x00000000f8852690,0x00000000f8f80000)
  to   space 11776K, 0% used [0x00000000fa780000,0x00000000fa780000,0x00000000fb300000)
 ParOldGen       total 44032K, used 20345K [0x00000000e0000000, 0x00000000e2b00000, 0x00000000f5580000)
  object space 44032K, 46% used [0x00000000e0000000,0x00000000e13de568,0x00000000e2b00000)
 Metaspace       used 31052K, capacity 33498K, committed 33664K, reserved 1079296K
  class space    used 3461K, capacity 4205K, committed 4224K, reserved 1048576K
Event: 6.976 GC heap after
Heap after GC invocations=9 (full 1):
 PSYoungGen      total 78848K, used 5348K [0x00000000f5580000, 0x00000000fb000000, 0x0000000100000000)
  eden space 70144K, 0% used [0x00000000f5580000,0x00000000f5580000,0x00000000f9a00000)
  from space 8704K, 61% used [0x00000000fa780000,0x00000000facb9050,0x00000000fb000000)
  to   space 11264K, 0% used [0x00000000f9a00000,0x00000000f9a00000,0x00000000fa500000)
 ParOldGen       total 44032K, used 20353K [0x00000000e0000000, 0x00000000e2b00000, 0x00000000f5580000)
  object space 44032K, 46% used [0x00000000e0000000,0x00000000e13e0568,0x00000000e2b00000)
 Metaspace       used 31052K, capacity 33498K, committed 33664K, reserved 1079296K
  class space    used 3461K, capacity 4205K, committed 4224K, reserved 1048576K
}

Deoptimization events (10 events):
Event: 6.795 Thread 0x0000000017a75000 Uncommon trap: reason=class_check action=maybe_recompile pc=0x0000000002e45c28 method=org.eclipse.cdt.internal.core.dom.parser.c.CVisitor.getContainingScope(Lorg/eclipse/cdt/core/dom/ast/IASTNode;)Lorg/eclipse/cdt/core/dom/ast/IScope; @ 214
Event: 6.795 Thread 0x0000000017a75000 Uncommon trap: reason=class_check action=maybe_recompile pc=0x0000000002e45c1c method=org.eclipse.cdt.internal.core.dom.parser.c.CVisitor.getContainingScope(Lorg/eclipse/cdt/core/dom/ast/IASTNode;)Lorg/eclipse/cdt/core/dom/ast/IScope; @ 182
Event: 6.795 Thread 0x0000000017a75000 Uncommon trap: reason=class_check action=maybe_recompile pc=0x00000000034523dc method=org.eclipse.cdt.internal.core.dom.parser.c.CASTDeclarator.accept(Lorg/eclipse/cdt/core/dom/ast/ASTVisitor;)Z @ 211
Event: 6.795 Thread 0x0000000017a75000 Uncommon trap: reason=class_check action=maybe_recompile pc=0x0000000003452430 method=org.eclipse.cdt.internal.core.dom.parser.c.CASTDeclarator.accept(Lorg/eclipse/cdt/core/dom/ast/ASTVisitor;)Z @ 114
Event: 6.801 Thread 0x0000000017a75000 Uncommon trap: reason=unreached action=reinterpret pc=0x000000000350af14 method=org.eclipse.cdt.core.parser.util.ArrayUtil.trimAt(Ljava/lang/Class;[Ljava/lang/Object;I)[Ljava/lang/Object; @ 5
Event: 7.030 Thread 0x0000000017a75000 Uncommon trap: reason=unreached action=reinterpret pc=0x000000000292b398 method=org.eclipse.cdt.internal.core.parser.scanner.ScannerContext.findModificationCollector()Lorg/eclipse/cdt/core/parser/util/CharArraySet; @ 19
Event: 7.530 Thread 0x0000000017a6f000 Uncommon trap: reason=null_check action=make_not_entrant pc=0x000000000348e2cc method=org.eclipse.core.internal.resources.WorkspaceRoot.getProject(Ljava/lang/String;)Lorg/eclipse/core/resources/IProject; @ 10
Event: 7.634 Thread 0x0000000002728000 Uncommon trap: reason=unreached action=reinterpret pc=0x0000000002bb7134 method=java.lang.ref.ReferenceQueue.poll()Ljava/lang/ref/Reference; @ 4
Event: 7.660 Thread 0x0000000002728000 Uncommon trap: reason=predicate action=maybe_recompile pc=0x000000000301520c method=java.util.concurrent.CopyOnWriteArrayList.indexOf(Ljava/lang/Object;[Ljava/lang/Object;II)I @ 41
Event: 7.707 Thread 0x0000000002728000 Uncommon trap: reason=unreached action=reinterpret pc=0x0000000002b5fe1c method=java.lang.ref.ReferenceQueue.poll()Ljava/lang/ref/Reference; @ 4

Internal exceptions (10 events):
Event: 7.030 Thread 0x0000000017a75000 Implicit null exception at 0x000000000292b327 to 0x000000000292b385
Event: 7.530 Thread 0x0000000017a6f000 Implicit null exception at 0x000000000348e26c to 0x000000000348e2c1
Event: 7.598 Thread 0x0000000017a72800 Exception <a 'sun/net/ConnectionResetException': > (0x00000000f6578dc8) thrown at [D:\re\workspace\8-2-build-windows-amd64-cygwin\jdk8u25\1677\hotspot\src\share\vm\prims\jni.cpp, line 742]
Event: 7.598 Thread 0x0000000017a72800 Exception <a 'sun/net/ConnectionResetException': > (0x00000000f6578fa0) thrown at [D:\re\workspace\8-2-build-windows-amd64-cygwin\jdk8u25\1677\hotspot\src\share\vm\prims\jni.cpp, line 742]
Event: 7.599 Thread 0x0000000017a73800 Exception <a 'java/net/SocketException': Connection reset by peer: socket write error> (0x00000000f658f8a0) thrown at [D:\re\workspace\8-2-build-windows-amd64-cygwin\jdk8u25\1677\hotspot\src\share\vm\prims\jni.cpp, line 742]
Event: 7.599 Thread 0x0000000017a73800 Exception <a 'java/net/SocketException': Socket closed> (0x00000000f65d5b48) thrown at [D:\re\workspace\8-2-build-windows-amd64-cygwin\jdk8u25\1677\hotspot\src\share\vm\prims\jni.cpp, line 742]
Event: 7.684 Thread 0x0000000002728000 Exception <a 'java/io/FileNotFoundException'> (0x00000000f6943d30) thrown at [D:\re\workspace\8-2-build-windows-amd64-cygwin\jdk8u25\1677\hotspot\src\share\vm\prims\jni.cpp, line 716]
Event: 7.711 Thread 0x0000000016ffd800 Exception <a 'java/lang/InterruptedException': sleep interrupted> (0x00000000f6b1a9c0) thrown at [D:\re\workspace\8-2-build-windows-amd64-cygwin\jdk8u25\1677\hotspot\src\share\vm\prims\jvm.cpp, line 3141]
Event: 7.713 Thread 0x00000000170f1000 Exception <a 'java/lang/InterruptedException'> (0x00000000f6bc9f38) thrown at [D:\re\workspace\8-2-build-windows-amd64-cygwin\jdk8u25\1677\hotspot\src\share\vm\runtime\objectMonitor.cpp, line 1682]
Event: 7.749 Thread 0x0000000017a69800 Exception <a 'java/lang/InterruptedException'> (0x00000000f6a10a98) thrown at [D:\re\workspace\8-2-build-windows-amd64-cygwin\jdk8u25\1677\hotspot\src\share\vm\runtime\objectMonitor.cpp, line 1682]

Events (10 events):
Event: 7.713 Thread 0x00000000170f1000 Thread exited: 0x00000000170f1000
Event: 7.749 Thread 0x0000000017a69800 Thread exited: 0x0000000017a69800
Event: 7.749 Thread 0x0000000016fb4000 Thread exited: 0x0000000016fb4000
Event: 7.749 loading class java/util/IdentityHashMap$KeyIterator
Event: 7.749 loading class java/util/IdentityHashMap$IdentityHashMapIterator
Event: 7.749 loading class java/util/IdentityHashMap$IdentityHashMapIterator done
Event: 7.749 loading class java/util/IdentityHashMap$KeyIterator done
Event: 7.749 Thread 0x0000000017a69800 Thread added: 0x0000000017a69800
Event: 7.750 Thread 0x0000000017a69800 Thread exited: 0x0000000017a69800
Event: 7.750 Executing VM operation: Exit


Dynamic libraries:
0x0000000000400000 - 0x0000000000407000 	D:\Xilinx\SDK\2015.1\eclipse\win64.o\eclipsec.exe
0x00000000776f0000 - 0x0000000077899000 	C:\Windows\SYSTEM32\ntdll.dll
0x00000000775d0000 - 0x00000000776f0000 	C:\Windows\system32\kernel32.dll
0x000007fefd7d0000 - 0x000007fefd83c000 	C:\Windows\system32\KERNELBASE.dll
0x00000000774d0000 - 0x00000000775ca000 	C:\Windows\system32\USER32.dll
0x000007feff680000 - 0x000007feff6e7000 	C:\Windows\system32\GDI32.dll
0x000007feff7c0000 - 0x000007feff7ce000 	C:\Windows\system32\LPK.dll
0x000007feff6f0000 - 0x000007feff7b9000 	C:\Windows\system32\USP10.dll
0x000007fefd850000 - 0x000007fefd8ef000 	C:\Windows\system32\msvcrt.dll
0x000007fefa1e0000 - 0x000007fefa280000 	C:\Windows\WinSxS\amd64_microsoft.windows.common-controls_6595b64144ccf1df_5.82.7601.18837_none_a4d981ff711297b6\COMCTL32.dll
0x000007feff870000 - 0x000007feff94b000 	C:\Windows\system32\ADVAPI32.dll
0x000007fefdc90000 - 0x000007fefdcaf000 	C:\Windows\SYSTEM32\sechost.dll
0x000007fefdfa0000 - 0x000007fefe0cd000 	C:\Windows\system32\RPCRT4.dll
0x000007fefe0d0000 - 0x000007fefe0fe000 	C:\Windows\system32\IMM32.DLL
0x000007fefee90000 - 0x000007fefef99000 	C:\Windows\system32\MSCTF.dll
0x0000000072000000 - 0x0000000072012000 	D:\Xilinx\SDK\2015.1\eclipse\win64.o\plugins\org.eclipse.equinox.launcher.win32.win32.x86_64_1.1.200.v20140116-2212\eclipse_1503.dll
0x000007fefc570000 - 0x000007fefc57c000 	C:\Windows\system32\VERSION.dll
0x000000006f780000 - 0x000000006ffda000 	D:\Xilinx\SDK\2015.1\tps\win64\jre\bin\server\jvm.dll
0x000007fef8700000 - 0x000007fef8709000 	C:\Windows\system32\WSOCK32.dll
0x000007fefd8f0000 - 0x000007fefd93d000 	C:\Windows\system32\WS2_32.dll
0x000007feff950000 - 0x000007feff958000 	C:\Windows\system32\NSI.dll
0x000007fefa110000 - 0x000007fefa14b000 	C:\Windows\system32\WINMM.dll
0x00000000778b0000 - 0x00000000778b7000 	C:\Windows\system32\PSAPI.DLL
0x0000000072960000 - 0x0000000072a32000 	C:\Windows\system32\MSVCR100.dll
0x0000000050060000 - 0x000000005006f000 	D:\Xilinx\SDK\2015.1\tps\win64\jre\bin\verify.dll
0x000000006d0a0000 - 0x000000006d0c8000 	D:\Xilinx\SDK\2015.1\tps\win64\jre\bin\java.dll
0x0000000077ab0000 - 0x0000000077ac6000 	D:\Xilinx\SDK\2015.1\tps\win64\jre\bin\zip.dll
0x000007fefe100000 - 0x000007fefee89000 	C:\Windows\system32\SHELL32.dll
0x000007fefd940000 - 0x000007fefd9b1000 	C:\Windows\system32\SHLWAPI.dll
0x000007feff310000 - 0x000007feff513000 	C:\Windows\system32\ole32.dll
0x000007fefd490000 - 0x000007fefd49f000 	C:\Windows\system32\profapi.dll
0x000007fefcc90000 - 0x000007fefcca8000 	C:\Windows\system32\CRYPTSP.dll
0x000007fefc990000 - 0x000007fefc9d7000 	C:\Windows\system32\rsaenh.dll
0x000007fefd5b0000 - 0x000007fefd5ce000 	C:\Windows\system32\USERENV.dll
0x000007fefd290000 - 0x000007fefd29f000 	C:\Windows\system32\CRYPTBASE.dll
0x0000000000540000 - 0x000000000055a000 	D:\Xilinx\SDK\2015.1\tps\win64\jre\bin\net.dll
0x000007fefcc30000 - 0x000007fefcc85000 	C:\Windows\system32\mswsock.dll
0x000007fefcc20000 - 0x000007fefcc27000 	C:\Windows\System32\wship6.dll
0x000007fef9da0000 - 0x000007fef9dc7000 	C:\Windows\system32\IPHLPAPI.DLL
0x000007fef9d80000 - 0x000007fef9d8b000 	C:\Windows\system32\WINNSI.DLL
0x000007fef9820000 - 0x000007fef9831000 	C:\Windows\system32\dhcpcsvc6.DLL
0x000007fef9800000 - 0x000007fef9818000 	C:\Windows\system32\dhcpcsvc.DLL
0x0000000000560000 - 0x0000000000571000 	D:\Xilinx\SDK\2015.1\tps\win64\jre\bin\nio.dll
0x000007fef9ec0000 - 0x000007fef9ed5000 	C:\Windows\system32\NLAapi.dll
0x000007fef9220000 - 0x000007fef9235000 	C:\Windows\system32\napinsp.dll
0x000007fef9240000 - 0x000007fef9259000 	C:\Windows\system32\pnrpnsp.dll
0x000007fefcab0000 - 0x000007fefcb0b000 	C:\Windows\system32\DNSAPI.dll
0x000007fef91e0000 - 0x000007fef91eb000 	C:\Windows\System32\winrnr.dll
0x000007fef91d0000 - 0x000007fef91e0000 	C:\Windows\system32\wshbth.dll
0x000007fefc640000 - 0x000007fefc647000 	C:\Windows\System32\wshtcpip.dll
0x000007fef92d0000 - 0x000007fef92d8000 	C:\Windows\system32\rasadhlp.dll
0x000007fef9760000 - 0x000007fef97b3000 	C:\Windows\System32\fwpuclnt.dll
0x000007fefd340000 - 0x000007fefd397000 	C:\Windows\system32\apphelp.dll
0x00000000175b0000 - 0x0000000017658000 	C:\Users\Gulkevich_A\.Xilinx\SDK\2015.1\org.eclipse.osgi\bundles\288\1\.cp\swt-win32-4335.dll
0x000007feff5a0000 - 0x000007feff677000 	C:\Windows\system32\OLEAUT32.dll
0x000007feff7d0000 - 0x000007feff867000 	C:\Windows\system32\comdlg32.dll
0x000007fefc010000 - 0x000007fefc204000 	C:\Windows\WinSxS\amd64_microsoft.windows.common-controls_6595b64144ccf1df_6.0.7601.18837_none_fa3b1e3d17594757\COMCTL32.dll
0x000007fef5af0000 - 0x000007fef5b61000 	C:\Windows\system32\WINSPOOL.DRV
0x000007fefdcb0000 - 0x000007fefdf19000 	C:\Windows\system32\WININET.dll
0x000007fefd740000 - 0x000007fefd744000 	C:\Windows\system32\api-ms-win-downlevel-user32-l1-1-0.dll
0x000007fefd840000 - 0x000007fefd844000 	C:\Windows\system32\api-ms-win-downlevel-shlwapi-l1-1-0.dll
0x000007fefd760000 - 0x000007fefd764000 	C:\Windows\system32\api-ms-win-downlevel-version-l1-1-0.dll
0x000007fefd750000 - 0x000007fefd753000 	C:\Windows\system32\api-ms-win-downlevel-normaliz-l1-1-0.dll
0x00000000778c0000 - 0x00000000778c3000 	C:\Windows\system32\normaliz.DLL
0x000007fefd9c0000 - 0x000007fefdc87000 	C:\Windows\system32\iertutil.dll
0x000007fefd590000 - 0x000007fefd595000 	C:\Windows\system32\api-ms-win-downlevel-advapi32-l1-1-0.dll
0x000007fefd5d0000 - 0x000007fefd73d000 	C:\Windows\system32\CRYPT32.dll
0x000007fefd4a0000 - 0x000007fefd4af000 	C:\Windows\system32\MSASN1.dll
0x000007fefbfb0000 - 0x000007fefc006000 	C:\Windows\system32\uxtheme.dll
0x000007fefb810000 - 0x000007fefb828000 	C:\Windows\system32\dwmapi.dll
0x000007fefb830000 - 0x000007fefb95c000 	C:\Windows\system32\propsys.dll
0x000007feff960000 - 0x000007feff9f9000 	C:\Windows\system32\CLBCatQ.DLL
0x000007fedfb50000 - 0x000007fedfb6c000 	D:\Xilinx\SDK\2015.1\lib\win64.o\librdi_hw_platform.dll
0x000007fef13f0000 - 0x000007fef1412000 	D:\Xilinx\SDK\2015.1\lib\win64.o\libboost_filesystem.dll
0x000007fef91a0000 - 0x000007fef91a9000 	D:\Xilinx\SDK\2015.1\lib\win64.o\libboost_system.dll
0x000007fee0a90000 - 0x000007fee0b37000 	C:\Windows\system32\MSVCP110.dll
0x000007fee0b80000 - 0x000007fee0c54000 	C:\Windows\system32\MSVCR110.dll
0x000007fedd060000 - 0x000007fedd9a4000 	D:\Xilinx\SDK\2015.1\lib\win64.o\librdi_common.dll
0x000007fedcdb0000 - 0x000007fedd058000 	D:\Xilinx\SDK\2015.1\lib\win64.o\libCOIN-all.dll
0x000007feddcb0000 - 0x000007fedded0000 	D:\Xilinx\SDK\2015.1\lib\win64.o\libXil_lmgr11.dll
0x000007fefb4f0000 - 0x000007fefb506000 	C:\Windows\system32\NETAPI32.dll
0x000007fefc8c0000 - 0x000007fefc8cc000 	C:\Windows\system32\netutils.dll
0x000007fefd000000 - 0x000007fefd023000 	C:\Windows\system32\srvcli.dll
0x000007fefb4d0000 - 0x000007fefb4e5000 	C:\Windows\system32\wkscli.dll
0x000007fefd550000 - 0x000007fefd58b000 	C:\Windows\system32\WINTRUST.dll
0x000007fef6480000 - 0x000007fef6490000 	D:\Xilinx\SDK\2015.1\lib\win64.o\libboost_date_time.dll
0x000007fee0170000 - 0x000007fee01e4000 	D:\Xilinx\SDK\2015.1\lib\win64.o\libboost_program_options.dll
0x000007fedf8c0000 - 0x000007fedf9ba000 	D:\Xilinx\SDK\2015.1\lib\win64.o\libboost_regex.dll
0x000007fef6460000 - 0x000007fef6473000 	D:\Xilinx\SDK\2015.1\lib\win64.o\libboost_signals.dll
0x000007fef5030000 - 0x000007fef504d000 	D:\Xilinx\SDK\2015.1\lib\win64.o\libboost_thread.dll
0x000007fef63f0000 - 0x000007fef63fb000 	D:\Xilinx\SDK\2015.1\lib\win64.o\libboost_chrono.dll
0x000007fee00f0000 - 0x000007fee0170000 	D:\Xilinx\SDK\2015.1\lib\win64.o\libhdlpsolve.dll
0x000007fede7a0000 - 0x000007fede83a000 	D:\Xilinx\SDK\2015.1\lib\win64.o\libhdxml.dll
0x000007fedc7a0000 - 0x000007fedcdaa200 	D:\Xilinx\SDK\2015.1\lib\win64.o\libisl_iostreams.dll
0x000007fef4250000 - 0x000007fef4266000 	D:\Xilinx\SDK\2015.1\lib\win64.o\libboost_iostreams.dll
0x000007fee0660000 - 0x000007fee0683000 	D:\Xilinx\SDK\2015.1\lib\win64.o\librdizlib.dll
0x000007fee0340000 - 0x000007fee0363000 	D:\Xilinx\SDK\2015.1\lib\win64.o\libisl_iosutils.dll
0x000007fee0420000 - 0x000007fee044a000 	D:\Xilinx\SDK\2015.1\lib\win64.o\libisl_sysinfo.dll
0x000007fef6400000 - 0x000007fef6415000 	D:\Xilinx\SDK\2015.1\lib\win64.o\pthreadVC2.dll
0x000007fedfbb0000 - 0x000007fedfc06000 	D:\Xilinx\SDK\2015.1\lib\win64.o\librdi_commonxillic.dll
0x000007feddb80000 - 0x000007feddcb0000 	D:\Xilinx\SDK\2015.1\lib\win64.o\librdi_curl.dll
0x000007fef36c0000 - 0x000007fef36d8000 	D:\Xilinx\SDK\2015.1\lib\win64.o\librdiconfig.dll
0x0000000077ad0000 - 0x0000000077bf7000 	D:\Xilinx\SDK\2015.1\lib\win64.o\tcl85t.dll
0x000000001f390000 - 0x000000001f5f3000 	D:\Xilinx\SDK\2015.1\lib\win64.o\xerces-c_3_1.dll
0x000007fefb1f0000 - 0x000007fefb261000 	C:\Windows\system32\WINHTTP.dll
0x000007fefb180000 - 0x000007fefb1e4000 	C:\Windows\system32\webio.dll
0x000007fefefa0000 - 0x000007feff125000 	C:\Windows\system32\urlmon.dll
0x000007fefd5a0000 - 0x000007fefd5a4000 	C:\Windows\system32\api-ms-win-downlevel-ole32-l1-1-0.dll
0x000007fee00c0000 - 0x000007fee00e3000 	C:\Windows\system32\VCOMP110.DLL
0x000007fedc1b0000 - 0x000007fedc384000 	D:\Xilinx\SDK\2015.1\lib\win64.o\librdi_hsm.dll
0x000007fedfb70000 - 0x000007fedfbae000 	D:\Xilinx\SDK\2015.1\lib\win64.o\librdi_hdf.dll
0x000007fedbb70000 - 0x000007fedbd2a000 	D:\Xilinx\SDK\2015.1\lib\win64.o\librdi_ippcw.dll
0x0000000180000000 - 0x0000000180012000 	C:\Users\Gulkevich_A\.Xilinx\SDK\2015.1\org.eclipse.osgi\bundles\114\1\.cp\os\win32\x86_64\localfile_1_0_0.dll
0x000007feeecb0000 - 0x000007feeecc0000 	D:\Xilinx\SDK\2015.1\lib\win64.o\librdi_repo_manager.dll
0x000007fedc390000 - 0x000007fedc79a000 	D:\Xilinx\SDK\2015.1\lib\win64.o\librdi_commontasks.dll
0x000007fedaef0000 - 0x000007fedb700000 	D:\Xilinx\SDK\2015.1\lib\win64.o\libXil_lmgr11FNP.dll
0x000007fef6140000 - 0x000007fef614b000 	C:\Windows\system32\snmpapi.dll
0x000007feff130000 - 0x000007feff307000 	C:\Windows\system32\SETUPAPI.dll
0x000007fefd790000 - 0x000007fefd7c6000 	C:\Windows\system32\CFGMGR32.dll
0x000007fefd770000 - 0x000007fefd78a000 	C:\Windows\system32\DEVOBJ.dll
0x000007fee2230000 - 0x000007fee2284000 	C:\Windows\system32\OLEACC.dll
0x000007fefd260000 - 0x000007fefd285000 	C:\Windows\system32\SspiCli.dll
0x000007fefa410000 - 0x000007fefa41e000 	C:\Windows\system32\wbem\wbemprox.dll
0x000007fefa390000 - 0x000007fefa40d000 	C:\Windows\system32\wbemcomn2.dll
0x000007fefd3e0000 - 0x000007fefd3f4000 	C:\Windows\system32\RpcRtRemote.dll
0x000007fef6b90000 - 0x000007fef6ba4000 	C:\Windows\system32\wbem\wbemsvc.dll
0x000007fef6fb0000 - 0x000007fef7084000 	C:\Windows\system32\wbem\fastprox.dll
0x000007fef91f0000 - 0x000007fef9217000 	C:\Windows\system32\NTDSAPI.dll

VM Arguments:
jvm_args: -Dorg.eclipse.cdt.core.console org.eclipse.cdt.core.systemConsole -Xms64m -Xmx512m & 
java_command: <unknown>
java_class_path (initial): D:\Xilinx\SDK\2015.1\eclipse\win64.o\\plugins/org.eclipse.equinox.launcher_1.3.0.v20130327-1440.jar
Launcher Type: generic

Environment Variables:
PATH=D:/Xilinx/SDK/2015.1/tps/win64/jre/bin/server;D:/Xilinx/SDK/2015.1/tps/win64/jre/bin;D:/Xilinx/SDK/2015.1/tps/win64/jre/lib/amd64;\D:\Xilinx\SDK\2015.1\tps\win64\jre\bin;D:\Xilinx\SDK\2015.1\tps\win64\jre\bin;D:\Xilinx\SDK\2015.1\gnuwin\bin;D:\Xilinx\SDK\2015.1\bin;D:\Xilinx\SDK\2015.1\gnu\microblaze\nt\bin;D:\Xilinx\SDK\2015.1\gnu\microblaze\linux_toolchain\nt64_le\bin;D:\Xilinx\SDK\2015.1\gnu\microblaze\linux_toolchain\nt64_be\bin;D:\Xilinx\SDK\2015.1\gnu\arm\nt\bin;D:\Xilinx\SDK\2015.1\gnu\aarch64\nt\aarch64-none\bin;D:\Xilinx\SDK\2015.1\gnu\aarch64\nt\aarch64-linux\bin;D:\Xilinx\SDK\2015.1\gnu\armr5\nt\gcc-arm-none-eabi\bin;;D:/Xilinx/SDK/2015.1/bin;D:/Xilinx/SDK/2015.1/lib/win64.o;D:/Xilinx/SDK/2015.1/tps/win64/jre/bin/server;D:/Xilinx/SDK/2015.1/tps/win64/jre/bin;D:/Xilinx/SDK/2015.1/bin;D:/Xilinx/SDK/2015.1/bin;D:/Xilinx/SDK/2015.1/gnuwin//bin;D:/Xilinx/SDK/2015.1/gnu/microblaze/nt/bin;D:/Xilinx/SDK/2015.1/gnu/microblaze/linux_toolchain/nt64_le/bin;D:/Xilinx/SDK/2015.1/gnu/microblaze/linux_toolchain/nt64_be/bin;D:/Xilinx/SDK/2015.1/gnu/arm/nt/bin;D:/Xilinx/SDK/2015.1/bin;D:/Xilinx/SDK/2015.1/lib/win64.o;D:/Xilinx/SDK/2015.1/tps/win64/jre/bin/server;D:/Xilinx/SDK/2015.1/tps/win64/jre/bin;D:/Xilinx/SDK/2015.1/bin;C:\ProgramData\Oracle\Java\javapath;D:\Ruby\bin;C:\Windows\system32;C:\Windows;C:\Windows\System32\Wbem;C:\Windows\System32\WindowsPowerShell\v1.0\;C:\Program Files (x86)\NVIDIA Corporation\PhysX\Common;D:\Strawberry\c\bin;D:\Strawberry\perl\site\bin;D:\Strawberry\perl\bin;C:\Windows\System32\WindowsPowerShell\v1.0\;%USERPROFILE%\.dnx\bin;C:\Program Files\Microsoft DNX\Dnvm\;C:\Program Files\Microsoft SQL Server\120\Tools\Binn\;C:\Windows\System32\WindowsPowerShell\v1.0\;C:\Program Files (x86)\Windows Kits\8.1\Windows Performance Toolkit\;D:\Microsoft Visual Studio 14.0\VC\bin;C:\Program Files\Microsoft\Web Platform Installer\;C:\Program Files (x86)\Skype\Phone\;C:\Users\Gulkevich_A\Desktop\xilinx_auto;
USERNAME=Gulkevich_A
OS=Windows_NT
PROCESSOR_IDENTIFIER=Intel64 Family 6 Model 45 Stepping 7, GenuineIntel



---------------  S Y S T E M  ---------------

OS: Windows 7 , 64 bit Build 7601 Service Pack 1

CPU:total 8 (4 cores per cpu, 2 threads per core) family 6 model 45 stepping 7, cmov, cx8, fxsr, mmx, sse, sse2, sse3, ssse3, sse4.1, sse4.2, popcnt, avx, aes, clmul, ht, tsc, tscinvbit, tscinv

Memory: 4k page, physical 16718204k(11804360k free), swap 33434572k(27640252k free)

vm_info: Java HotSpot(TM) 64-Bit Server VM (25.25-b02) for windows-amd64 JRE (1.8.0_25-b18), built on Oct  7 2014 14:25:37 by "java_re" with MS VC++ 10.0 (VS2010)

time: Thu Nov 19 11:44:05 2015
elapsed time: 8 seconds (0d 0h 0m 8s)

