#
# A fatal error has been detected by the Java Runtime Environment:
#
#  Internal Error (0xc000000d), pid=7328, tid=7372
#
# JRE version: Java(TM) SE Runtime Environment (8.0_25-b18) (build 1.8.0_25-b18)
# Java VM: Java HotSpot(TM) 64-Bit Server VM (25.25-b02 mixed mode windows-amd64 compressed oops)
# Problematic frame:
# C  [ntdll.dll+0x73b81]
#
# Failed to write core dump. Minidumps are not enabled by default on client versions of Windows
#
# If you would like to submit a bug report, please visit:
#   http://bugreport.sun.com/bugreport/crash.jsp
#

---------------  T H R E A D  ---------------

Current thread (0x0000000014f23000):  VMThread [stack: 0x0000000015e70000,0x0000000015f70000] [id=7372]

siginfo: ExceptionCode=0xc000000d

Registers:
RAX=0x000000006222db50, RBX=0x0000000000000000, RCX=0x0000000015f6ef10, RDX=0x0000000000000000
RSP=0x0000000015f6f520, RBP=0x000000001e714bd0, RSI=0x000007fee0b87408, RDI=0x0000000015f6f668
R8 =0x0000000000000000, R9 =0x0000000000000000, R10=0x0000000000000000, R11=0x0000000000000246
R12=0x000000001d244cb8, R13=0x000000001d244c70, R14=0x000000001e714cd8, R15=0x0000000000000000
RIP=0x0000000077763b81, EFLAGS=0x0000000000000206

Top of Stack: (sp=0x0000000015f6f520)
0x0000000015f6f520:   0000000000000000 000007fee0b87408
0x0000000015f6f530:   0000000015f6f668 0000000000000000
0x0000000015f6f540:   0000000000000000 0000000000000000
0x0000000015f6f550:   0000000000000000 0000000000000000
0x0000000015f6f560:   0000000000000002 0000000000000101
0x0000000015f6f570:   00000000c000000d 0000000000000000
0x0000000015f6f580:   0000000077763b81 0000000000000000
0x0000000015f6f590:   0000000000000000 0000000000000000
0x0000000015f6f5a0:   0000000000000000 0000000000000000
0x0000000015f6f5b0:   0000000000000000 0000000000000000
0x0000000015f6f5c0:   0000000000000000 0000000000000000
0x0000000015f6f5d0:   0000000000000000 0000000000000000
0x0000000015f6f5e0:   0000000000000000 0000000000000000
0x0000000015f6f5f0:   0000000000000000 0000000000000000
0x0000000015f6f600:   0000000000000000 0000000000000000
0x0000000015f6f610:   0000000000000078 0000000077613328 

Instructions: (pc=0x0000000077763b81)
0x0000000077763b61:   1b ba fd ff b9 57 00 00 00 c7 44 24 50 0d 00 00
0x0000000077763b71:   c0 e8 09 bd fd ff 48 8d 4c 24 50 e8 3f 54 fa ff
0x0000000077763b81:   4c 8b 1d 50 a8 0b 00 4d 85 db 74 5b 65 48 8b 04
0x0000000077763b91:   25 30 00 00 00 f6 80 ee 17 00 00 08 74 12 65 48 


Register to memory mapping:

RAX=0x000000006222db50 is an unknown value
RBX=0x0000000000000000 is an unknown value
RCX=0x0000000015f6ef10 is an unknown value
RDX=0x0000000000000000 is an unknown value
RSP=0x0000000015f6f520 is an unknown value
RBP=0x000000001e714bd0 is an unknown value
RSI=0x000007fee0b87408 is an unknown value
RDI=0x0000000015f6f668 is an unknown value
R8 =0x0000000000000000 is an unknown value
R9 =0x0000000000000000 is an unknown value
R10=0x0000000000000000 is an unknown value
R11=0x0000000000000246 is an unknown value
R12=0x000000001d244cb8 is an unknown value
R13=0x000000001d244c70 is an unknown value
R14=0x000000001e714cd8 is an unknown value
R15=0x0000000000000000 is an unknown value


Stack: [0x0000000015e70000,0x0000000015f70000],  sp=0x0000000015f6f520,  free space=1021k
Native frames: (J=compiled Java code, j=interpreted, Vv=VM code, C=native code)
C  [ntdll.dll+0x73b81]
C  [kernel32.dll+0x43328]
C  [MSVCR110.dll+0x752d]
C  [MSVCR110.dll+0x14cde]
C  [MSVCR110.dll+0x13edc]
C  [MSVCR110.dll+0x239e]
C  [MSVCR110.dll+0xaf9e]
C  [MSVCP110.dll+0x397b9]
C  [librdi_common.dll+0x135d02]
C  [librdi_common.dll+0x13447b]
C  0x000007fee0954874
C  0x000007fee0954af6
C  [ntdll.dll+0x23a81]
C  [ntdll.dll+0x23890]
C  [MSVCR100.dll+0x20ccd]
V  [jvm.dll+0x1f9c55]
V  [jvm.dll+0x2325e7]
V  [jvm.dll+0x231826]
V  [jvm.dll+0x231cc1]
V  [jvm.dll+0x231ede]
V  [jvm.dll+0x2852fa]
C  [MSVCR100.dll+0x21d9f]
C  [MSVCR100.dll+0x21e3b]
C  [kernel32.dll+0x15a4d]
C  [ntdll.dll+0x2b831]

VM_Operation (0x000000000012f500): Exit, mode: safepoint, requested by thread 0x0000000002468000


---------------  P R O C E S S  ---------------

Java Threads: ( => current thread )
  0x0000000016b4c000 JavaThread "EMF Reference Cleaner" daemon [_thread_blocked, id=7540, stack(0x000000001a5c0000,0x000000001a6c0000)]
  0x0000000016b4b000 JavaThread "TCF Locator DNS Lookup" daemon [_thread_blocked, id=7536, stack(0x000000001a6f0000,0x000000001a7f0000)]
  0x0000000016b4a000 JavaThread "TCF Locator Timer" daemon [_thread_blocked, id=7532, stack(0x000000001a2f0000,0x000000001a3f0000)]
  0x0000000016b49800 JavaThread "TCF Locator Receiver" daemon [_thread_in_native, id=7528, stack(0x0000000019e50000,0x0000000019f50000)]
  0x0000000016b48000 JavaThread "TCF Timer Dispatcher" daemon [_thread_blocked, id=7520, stack(0x000000001a4c0000,0x000000001a5c0000)]
  0x0000000015003800 JavaThread "Service Thread" daemon [_thread_blocked, id=7408, stack(0x0000000016770000,0x0000000016870000)]
  0x0000000014fa1000 JavaThread "C1 CompilerThread3" daemon [_thread_blocked, id=7404, stack(0x0000000016670000,0x0000000016770000)]
  0x0000000014f86000 JavaThread "C2 CompilerThread2" daemon [_thread_blocked, id=7400, stack(0x0000000016570000,0x0000000016670000)]
  0x0000000014f7b000 JavaThread "C2 CompilerThread1" daemon [_thread_blocked, id=7396, stack(0x0000000016470000,0x0000000016570000)]
  0x0000000014f72000 JavaThread "C2 CompilerThread0" daemon [_thread_blocked, id=7392, stack(0x0000000016370000,0x0000000016470000)]
  0x0000000014f6f000 JavaThread "Attach Listener" daemon [_thread_blocked, id=7388, stack(0x0000000016270000,0x0000000016370000)]
  0x0000000014f6e000 JavaThread "Signal Dispatcher" daemon [_thread_blocked, id=7384, stack(0x0000000016170000,0x0000000016270000)]
  0x0000000013dab000 JavaThread "Finalizer" daemon [_thread_blocked, id=7380, stack(0x0000000016070000,0x0000000016170000)]
  0x0000000013da2000 JavaThread "Reference Handler" daemon [_thread_blocked, id=7376, stack(0x0000000015f70000,0x0000000016070000)]
  0x0000000002468000 JavaThread "main" [_thread_blocked, id=7332, stack(0x0000000000030000,0x0000000000130000)]

Other Threads:
=>0x0000000014f23000 VMThread [stack: 0x0000000015e70000,0x0000000015f70000] [id=7372]

VM state:at safepoint (shutting down)

VM Mutex/Monitor currently owned by a thread:  ([mutex/lock_event])
[0x000000000253e5d0] Threads_lock - owner thread: 0x0000000014f23000

Heap:
 PSYoungGen      total 71168K, used 30099K [0x00000000f5580000, 0x00000000fb800000, 0x0000000100000000)
  eden space 59904K, 50% used [0x00000000f5580000,0x00000000f72e4f40,0x00000000f9000000)
  from space 11264K, 0% used [0x00000000f9000000,0x00000000f9000000,0x00000000f9b00000)
  to   space 11264K, 0% used [0x00000000fad00000,0x00000000fad00000,0x00000000fb800000)
 ParOldGen       total 63488K, used 14358K [0x00000000e0000000, 0x00000000e3e00000, 0x00000000f5580000)
  object space 63488K, 22% used [0x00000000e0000000,0x00000000e0e05968,0x00000000e3e00000)
 Metaspace       used 34563K, capacity 37066K, committed 37336K, reserved 1081344K
  class space    used 3761K, capacity 4542K, committed 4568K, reserved 1048576K

Card table byte_map: [0x0000000011900000,0x0000000011a10000] byte_map_base: 0x0000000011200000

Marking Bits: (ParMarkBitMap*) 0x000000006fc4d490
 Begin Bits: [0x00000000122c0000, 0x0000000012ac0000)
 End Bits:   [0x0000000012ac0000, 0x00000000132c0000)

Polling page: 0x0000000000420000

CodeCache: size=245760Kb used=15493Kb max_used=16077Kb free=230267Kb
 bounds [0x0000000002540000, 0x0000000003510000, 0x0000000011540000]
 total_blobs=4881 nmethods=4298 adapters=496
 compilation: enabled

Compilation events (10 events):
Event: 9.745 Thread 0x0000000014f86000 5015       4       java.io.WinNTFileSystem::resolve (231 bytes)
Event: 9.750 Thread 0x0000000014f72000 nmethod 4989 0x00000000026f5d90 code [0x00000000026f5f40, 0x00000000026f6a78]
Event: 9.756 Thread 0x0000000014f86000 nmethod 5015 0x0000000003327b90 code [0x0000000003327d40, 0x00000000033285f0]
Event: 9.761 Thread 0x0000000014fa1000 5017       3       java.io.File::list (33 bytes)
Event: 9.761 Thread 0x0000000014fa1000 nmethod 5017 0x00000000033c1910 code [0x00000000033c1ae0, 0x00000000033c2208]
Event: 9.763 Thread 0x0000000014f7b000 nmethod 4977 0x0000000003035290 code [0x0000000003035720, 0x0000000003038440]
Event: 9.778 Thread 0x0000000014fa1000 5018       3       org.eclipse.osgi.framework.internal.core.AbstractBundle::close (52 bytes)
Event: 9.779 Thread 0x0000000014fa1000 nmethod 5018 0x0000000002f0e590 code [0x0000000002f0e7c0, 0x0000000002f0f4a8]
Event: 9.779 Thread 0x0000000014fa1000 5019       1       java.util.logging.LogManager$LoggerContext::getOwner (5 bytes)
Event: 9.779 Thread 0x0000000014fa1000 nmethod 5019 0x0000000003034fd0 code [0x0000000003035120, 0x0000000003035230]

GC Heap History (10 events):
Event: 6.689 GC heap before
{Heap before GC invocations=7 (full 1):
 PSYoungGen      total 35328K, used 35322K [0x00000000f5580000, 0x00000000f9880000, 0x0000000100000000)
  eden space 32768K, 100% used [0x00000000f5580000,0x00000000f7580000,0x00000000f7580000)
  from space 2560K, 99% used [0x00000000f7580000,0x00000000f77fe9a8,0x00000000f7800000)
  to   space 12288K, 0% used [0x00000000f8c80000,0x00000000f8c80000,0x00000000f9880000)
 ParOldGen       total 46080K, used 20365K [0x00000000e0000000, 0x00000000e2d00000, 0x00000000f5580000)
  object space 46080K, 44% used [0x00000000e0000000,0x00000000e13e3498,0x00000000e2d00000)
 Metaspace       used 30523K, capacity 33026K, committed 33152K, reserved 1079296K
  class space    used 3446K, capacity 4173K, committed 4224K, reserved 1048576K
Event: 6.693 GC heap after
Heap after GC invocations=7 (full 1):
 PSYoungGen      total 55296K, used 4948K [0x00000000f5580000, 0x00000000f9780000, 0x0000000100000000)
  eden space 44032K, 0% used [0x00000000f5580000,0x00000000f5580000,0x00000000f8080000)
  from space 11264K, 43% used [0x00000000f8c80000,0x00000000f9155340,0x00000000f9780000)
  to   space 11776K, 0% used [0x00000000f8080000,0x00000000f8080000,0x00000000f8c00000)
 ParOldGen       total 46080K, used 20373K [0x00000000e0000000, 0x00000000e2d00000, 0x00000000f5580000)
  object space 46080K, 44% used [0x00000000e0000000,0x00000000e13e5498,0x00000000e2d00000)
 Metaspace       used 30523K, capacity 33026K, committed 33152K, reserved 1079296K
  class space    used 3446K, capacity 4173K, committed 4224K, reserved 1048576K
}
Event: 7.074 GC heap before
{Heap before GC invocations=8 (full 1):
 PSYoungGen      total 55296K, used 48980K [0x00000000f5580000, 0x00000000f9780000, 0x0000000100000000)
  eden space 44032K, 100% used [0x00000000f5580000,0x00000000f8080000,0x00000000f8080000)
  from space 11264K, 43% used [0x00000000f8c80000,0x00000000f9155340,0x00000000f9780000)
  to   space 11776K, 0% used [0x00000000f8080000,0x00000000f8080000,0x00000000f8c00000)
 ParOldGen       total 46080K, used 20373K [0x00000000e0000000, 0x00000000e2d00000, 0x00000000f5580000)
  object space 46080K, 44% used [0x00000000e0000000,0x00000000e13e5498,0x00000000e2d00000)
 Metaspace       used 30793K, capacity 33250K, committed 33408K, reserved 1079296K
  class space    used 3456K, capacity 4205K, committed 4224K, reserved 1048576K
Event: 7.078 GC heap after
Heap after GC invocations=8 (full 1):
 PSYoungGen      total 55808K, used 4087K [0x00000000f5580000, 0x00000000fa680000, 0x0000000100000000)
  eden space 44032K, 0% used [0x00000000f5580000,0x00000000f5580000,0x00000000f8080000)
  from space 11776K, 34% used [0x00000000f8080000,0x00000000f847df20,0x00000000f8c00000)
  to   space 11776K, 0% used [0x00000000f9b00000,0x00000000f9b00000,0x00000000fa680000)
 ParOldGen       total 46080K, used 20381K [0x00000000e0000000, 0x00000000e2d00000, 0x00000000f5580000)
  object space 46080K, 44% used [0x00000000e0000000,0x00000000e13e7498,0x00000000e2d00000)
 Metaspace       used 30793K, capacity 33250K, committed 33408K, reserved 1079296K
  class space    used 3456K, capacity 4205K, committed 4224K, reserved 1048576K
}
Event: 7.419 GC heap before
{Heap before GC invocations=9 (full 1):
 PSYoungGen      total 55808K, used 48119K [0x00000000f5580000, 0x00000000fa680000, 0x0000000100000000)
  eden space 44032K, 100% used [0x00000000f5580000,0x00000000f8080000,0x00000000f8080000)
  from space 11776K, 34% used [0x00000000f8080000,0x00000000f847df20,0x00000000f8c00000)
  to   space 11776K, 0% used [0x00000000f9b00000,0x00000000f9b00000,0x00000000fa680000)
 ParOldGen       total 46080K, used 20381K [0x00000000e0000000, 0x00000000e2d00000, 0x00000000f5580000)
  object space 46080K, 44% used [0x00000000e0000000,0x00000000e13e7498,0x00000000e2d00000)
 Metaspace       used 31073K, capacity 33442K, committed 33664K, reserved 1079296K
  class space    used 3463K, capacity 4205K, committed 4224K, reserved 1048576K
Event: 7.424 GC heap after
Heap after GC invocations=9 (full 1):
 PSYoungGen      total 71168K, used 4754K [0x00000000f5580000, 0x00000000fa600000, 0x0000000100000000)
  eden space 59904K, 0% used [0x00000000f5580000,0x00000000f5580000,0x00000000f9000000)
  from space 11264K, 42% used [0x00000000f9b00000,0x00000000f9fa48f8,0x00000000fa600000)
  to   space 11264K, 0% used [0x00000000f9000000,0x00000000f9000000,0x00000000f9b00000)
 ParOldGen       total 46080K, used 20389K [0x00000000e0000000, 0x00000000e2d00000, 0x00000000f5580000)
  object space 46080K, 44% used [0x00000000e0000000,0x00000000e13e9498,0x00000000e2d00000)
 Metaspace       used 31073K, capacity 33442K, committed 33664K, reserved 1079296K
  class space    used 3463K, capacity 4205K, committed 4224K, reserved 1048576K
}
Event: 7.855 GC heap before
{Heap before GC invocations=10 (full 1):
 PSYoungGen      total 71168K, used 36695K [0x00000000f5580000, 0x00000000fa600000, 0x0000000100000000)
  eden space 59904K, 53% used [0x00000000f5580000,0x00000000f74b1330,0x00000000f9000000)
  from space 11264K, 42% used [0x00000000f9b00000,0x00000000f9fa48f8,0x00000000fa600000)
  to   space 11264K, 0% used [0x00000000f9000000,0x00000000f9000000,0x00000000f9b00000)
 ParOldGen       total 46080K, used 20389K [0x00000000e0000000, 0x00000000e2d00000, 0x00000000f5580000)
  object space 46080K, 44% used [0x00000000e0000000,0x00000000e13e9498,0x00000000e2d00000)
 Metaspace       used 32857K, capacity 35290K, committed 35416K, reserved 1081344K
  class space    used 3599K, capacity 4376K, committed 4440K, reserved 1048576K
Event: 7.874 GC heap after
Heap after GC invocations=10 (full 1):
 PSYoungGen      total 71168K, used 7123K [0x00000000f5580000, 0x00000000fb800000, 0x0000000100000000)
  eden space 59904K, 0% used [0x00000000f5580000,0x00000000f5580000,0x00000000f9000000)
  from space 11264K, 63% used [0x00000000f9000000,0x00000000f96f4f68,0x00000000f9b00000)
  to   space 11264K, 0% used [0x00000000fad00000,0x00000000fad00000,0x00000000fb800000)
 ParOldGen       total 46080K, used 20397K [0x00000000e0000000, 0x00000000e2d00000, 0x00000000f5580000)
  object space 46080K, 44% used [0x00000000e0000000,0x00000000e13eb498,0x00000000e2d00000)
 Metaspace       used 32857K, capacity 35290K, committed 35416K, reserved 1081344K
  class space    used 3599K, capacity 4376K, committed 4440K, reserved 1048576K
}
Event: 7.874 GC heap before
{Heap before GC invocations=11 (full 2):
 PSYoungGen      total 71168K, used 7123K [0x00000000f5580000, 0x00000000fb800000, 0x0000000100000000)
  eden space 59904K, 0% used [0x00000000f5580000,0x00000000f5580000,0x00000000f9000000)
  from space 11264K, 63% used [0x00000000f9000000,0x00000000f96f4f68,0x00000000f9b00000)
  to   space 11264K, 0% used [0x00000000fad00000,0x00000000fad00000,0x00000000fb800000)
 ParOldGen       total 46080K, used 20397K [0x00000000e0000000, 0x00000000e2d00000, 0x00000000f5580000)
  object space 46080K, 44% used [0x00000000e0000000,0x00000000e13eb498,0x00000000e2d00000)
 Metaspace       used 32857K, capacity 35290K, committed 35416K, reserved 1081344K
  class space    used 3599K, capacity 4376K, committed 4440K, reserved 1048576K
Event: 7.954 GC heap after
Heap after GC invocations=11 (full 2):
 PSYoungGen      total 71168K, used 0K [0x00000000f5580000, 0x00000000fb800000, 0x0000000100000000)
  eden space 59904K, 0% used [0x00000000f5580000,0x00000000f5580000,0x00000000f9000000)
  from space 11264K, 0% used [0x00000000f9000000,0x00000000f9000000,0x00000000f9b00000)
  to   space 11264K, 0% used [0x00000000fad00000,0x00000000fad00000,0x00000000fb800000)
 ParOldGen       total 63488K, used 14358K [0x00000000e0000000, 0x00000000e3e00000, 0x00000000f5580000)
  object space 63488K, 22% used [0x00000000e0000000,0x00000000e0e05968,0x00000000e3e00000)
 Metaspace       used 32857K, capacity 35290K, committed 35416K, reserved 1081344K
  class space    used 3599K, capacity 4376K, committed 4440K, reserved 1048576K
}

Deoptimization events (10 events):
Event: 9.055 Thread 0x0000000016b50800 Uncommon trap: reason=bimorphic action=maybe_recompile pc=0x00000000034afed0 method=org.eclipse.core.internal.jobs.DeadlockDetector.reduceGraph(ILorg/eclipse/core/runtime/jobs/ISchedulingRule;)V @ 32
Event: 9.056 Thread 0x0000000016b4f000 Uncommon trap: reason=bimorphic action=maybe_recompile pc=0x00000000034afed0 method=org.eclipse.core.internal.jobs.DeadlockDetector.reduceGraph(ILorg/eclipse/core/runtime/jobs/ISchedulingRule;)V @ 32
Event: 9.056 Thread 0x0000000016b50800 Uncommon trap: reason=bimorphic action=maybe_recompile pc=0x00000000034afed0 method=org.eclipse.core.internal.jobs.DeadlockDetector.reduceGraph(ILorg/eclipse/core/runtime/jobs/ISchedulingRule;)V @ 32
Event: 9.063 Thread 0x0000000016b4f800 Uncommon trap: reason=bimorphic action=maybe_recompile pc=0x0000000002dfd9bc method=java.util.regex.Pattern$Start.match(Ljava/util/regex/Matcher;ILjava/lang/CharSequence;)Z @ 44
Event: 9.065 Thread 0x0000000016b50800 Uncommon trap: reason=predicate action=maybe_recompile pc=0x000000000329c38c method=java.util.concurrent.CopyOnWriteArrayList.indexOf(Ljava/lang/Object;[Ljava/lang/Object;II)I @ 41
Event: 9.090 Thread 0x0000000016b50800 Uncommon trap: reason=bimorphic action=maybe_recompile pc=0x0000000002c135c4 method=java.util.Hashtable.put(Ljava/lang/Object;Ljava/lang/Object;)Ljava/lang/Object; @ 60
Event: 9.090 Thread 0x0000000016b50800 Uncommon trap: reason=bimorphic action=maybe_recompile pc=0x0000000002c135c4 method=java.util.Hashtable.put(Ljava/lang/Object;Ljava/lang/Object;)Ljava/lang/Object; @ 60
Event: 9.663 Thread 0x0000000002468000 Uncommon trap: reason=unreached action=reinterpret pc=0x0000000002930738 method=java.lang.ref.ReferenceQueue.poll()Ljava/lang/ref/Reference; @ 4
Event: 9.693 Thread 0x0000000002468000 Uncommon trap: reason=null_check action=make_not_entrant pc=0x0000000002c79f10 method=org.eclipse.core.runtime.internal.adaptor.EclipseLazyStarter.shouldActivateFor(Ljava/lang/String;Lorg/eclipse/osgi/baseadaptor/BaseData;Lorg/eclipse/core/runtime/internaláú‘±Úu#@
Event: 9.730 Thread 0x0000000002468000 Uncommon trap: reason=unreached action=reinterpret pc=0x00000000028ed51c method=java.lang.ref.ReferenceQueue.poll()Ljava/lang/ref/Reference; @ 4

Internal exceptions (10 events):
Event: 7.825 Thread 0x0000000016b48800 Exception <a 'java/io/FileNotFoundException'> (0x00000000f73b28b8) thrown at [D:\re\workspace\8-2-build-windows-amd64-cygwin\jdk8u25\1677\hotspot\src\share\vm\prims\jni.cpp, line 716]
Event: 9.637 Thread 0x0000000016b4d800 Exception <a 'sun/net/ConnectionResetException': > (0x00000000f5faf860) thrown at [D:\re\workspace\8-2-build-windows-amd64-cygwin\jdk8u25\1677\hotspot\src\share\vm\prims\jni.cpp, line 742]
Event: 9.637 Thread 0x0000000016b4d800 Exception <a 'sun/net/ConnectionResetException': > (0x00000000f5fafa38) thrown at [D:\re\workspace\8-2-build-windows-amd64-cygwin\jdk8u25\1677\hotspot\src\share\vm\prims\jni.cpp, line 742]
Event: 9.638 Thread 0x0000000016b4e000 Exception <a 'java/net/SocketException': Connection reset by peer: socket write error> (0x00000000f6d05590) thrown at [D:\re\workspace\8-2-build-windows-amd64-cygwin\jdk8u25\1677\hotspot\src\share\vm\prims\jni.cpp, line 742]
Event: 9.638 Thread 0x0000000016b4e000 Exception <a 'java/net/SocketException': Socket closed> (0x00000000f6d41460) thrown at [D:\re\workspace\8-2-build-windows-amd64-cygwin\jdk8u25\1677\hotspot\src\share\vm\prims\jni.cpp, line 742]
Event: 9.693 Thread 0x0000000002468000 Implicit null exception at 0x0000000002c7947f to 0x0000000002c79f05
Event: 9.702 Thread 0x0000000002468000 Exception <a 'java/io/FileNotFoundException'> (0x00000000f6fbaa68) thrown at [D:\re\workspace\8-2-build-windows-amd64-cygwin\jdk8u25\1677\hotspot\src\share\vm\prims\jni.cpp, line 716]
Event: 9.736 Thread 0x0000000016d9b800 Exception <a 'java/lang/InterruptedException': sleep interrupted> (0x00000000f70fbea8) thrown at [D:\re\workspace\8-2-build-windows-amd64-cygwin\jdk8u25\1677\hotspot\src\share\vm\prims\jvm.cpp, line 3141]
Event: 9.739 Thread 0x0000000016fed800 Exception <a 'java/lang/InterruptedException'> (0x00000000f7191a88) thrown at [D:\re\workspace\8-2-build-windows-amd64-cygwin\jdk8u25\1677\hotspot\src\share\vm\runtime\objectMonitor.cpp, line 1682]
Event: 9.779 Thread 0x00000000170eb800 Exception <a 'java/lang/InterruptedException'> (0x00000000f701f8e0) thrown at [D:\re\workspace\8-2-build-windows-amd64-cygwin\jdk8u25\1677\hotspot\src\share\vm\runtime\objectMonitor.cpp, line 1682]

Events (10 events):
Event: 9.739 Thread 0x0000000016fed800 Thread exited: 0x0000000016fed800
Event: 9.779 Thread 0x00000000170eb800 Thread exited: 0x00000000170eb800
Event: 9.779 Thread 0x00000000170f7800 Thread exited: 0x00000000170f7800
Event: 9.779 loading class java/util/IdentityHashMap$KeyIterator
Event: 9.779 loading class java/util/IdentityHashMap$IdentityHashMapIterator
Event: 9.779 loading class java/util/IdentityHashMap$IdentityHashMapIterator done
Event: 9.779 loading class java/util/IdentityHashMap$KeyIterator done
Event: 9.779 Thread 0x0000000016b4f000 Thread added: 0x0000000016b4f000
Event: 9.779 Thread 0x0000000016b4f000 Thread exited: 0x0000000016b4f000
Event: 9.780 Executing VM operation: Exit


Dynamic libraries:
0x0000000000400000 - 0x0000000000407000 	D:\Xilinx\SDK\2015.1\eclipse\win64.o\eclipsec.exe
0x00000000776f0000 - 0x0000000077899000 	C:\Windows\SYSTEM32\ntdll.dll
0x00000000775d0000 - 0x00000000776f0000 	C:\Windows\system32\kernel32.dll
0x000007fefd7d0000 - 0x000007fefd83c000 	C:\Windows\system32\KERNELBASE.dll
0x00000000774d0000 - 0x00000000775ca000 	C:\Windows\system32\USER32.dll
0x000007feff680000 - 0x000007feff6e7000 	C:\Windows\system32\GDI32.dll
0x000007feff7c0000 - 0x000007feff7ce000 	C:\Windows\system32\LPK.dll
0x000007feff6f0000 - 0x000007feff7b9000 	C:\Windows\system32\USP10.dll
0x000007fefd850000 - 0x000007fefd8ef000 	C:\Windows\system32\msvcrt.dll
0x000007fefa1e0000 - 0x000007fefa280000 	C:\Windows\WinSxS\amd64_microsoft.windows.common-controls_6595b64144ccf1df_5.82.7601.18837_none_a4d981ff711297b6\COMCTL32.dll
0x000007feff870000 - 0x000007feff94b000 	C:\Windows\system32\ADVAPI32.dll
0x000007fefdc90000 - 0x000007fefdcaf000 	C:\Windows\SYSTEM32\sechost.dll
0x000007fefdfa0000 - 0x000007fefe0cd000 	C:\Windows\system32\RPCRT4.dll
0x000007fefe0d0000 - 0x000007fefe0fe000 	C:\Windows\system32\IMM32.DLL
0x000007fefee90000 - 0x000007fefef99000 	C:\Windows\system32\MSCTF.dll
0x0000000072000000 - 0x0000000072012000 	D:\Xilinx\SDK\2015.1\eclipse\win64.o\plugins\org.eclipse.equinox.launcher.win32.win32.x86_64_1.1.200.v20140116-2212\eclipse_1503.dll
0x000007fefc570000 - 0x000007fefc57c000 	C:\Windows\system32\VERSION.dll
0x000000006f470000 - 0x000000006fcca000 	D:\Xilinx\SDK\2015.1\tps\win64\jre\bin\server\jvm.dll
0x000007fef8700000 - 0x000007fef8709000 	C:\Windows\system32\WSOCK32.dll
0x000007fefd8f0000 - 0x000007fefd93d000 	C:\Windows\system32\WS2_32.dll
0x000007feff950000 - 0x000007feff958000 	C:\Windows\system32\NSI.dll
0x000007fefa110000 - 0x000007fefa14b000 	C:\Windows\system32\WINMM.dll
0x00000000778b0000 - 0x00000000778b7000 	C:\Windows\system32\PSAPI.DLL
0x0000000072960000 - 0x0000000072a32000 	C:\Windows\system32\MSVCR100.dll
0x0000000050290000 - 0x000000005029f000 	D:\Xilinx\SDK\2015.1\tps\win64\jre\bin\verify.dll
0x0000000050260000 - 0x0000000050288000 	D:\Xilinx\SDK\2015.1\tps\win64\jre\bin\java.dll
0x0000000050030000 - 0x0000000050046000 	D:\Xilinx\SDK\2015.1\tps\win64\jre\bin\zip.dll
0x000007fefe100000 - 0x000007fefee89000 	C:\Windows\system32\SHELL32.dll
0x000007fefd940000 - 0x000007fefd9b1000 	C:\Windows\system32\SHLWAPI.dll
0x000007feff310000 - 0x000007feff513000 	C:\Windows\system32\ole32.dll
0x000007fefd490000 - 0x000007fefd49f000 	C:\Windows\system32\profapi.dll
0x000007fefcc90000 - 0x000007fefcca8000 	C:\Windows\system32\CRYPTSP.dll
0x000007fefc990000 - 0x000007fefc9d7000 	C:\Windows\system32\rsaenh.dll
0x000007fefd5b0000 - 0x000007fefd5ce000 	C:\Windows\system32\USERENV.dll
0x000007fefd290000 - 0x000007fefd29f000 	C:\Windows\system32\CRYPTBASE.dll
0x0000000050050000 - 0x000000005006a000 	D:\Xilinx\SDK\2015.1\tps\win64\jre\bin\net.dll
0x000007fefcc30000 - 0x000007fefcc85000 	C:\Windows\system32\mswsock.dll
0x000007fefcc20000 - 0x000007fefcc27000 	C:\Windows\System32\wship6.dll
0x000007fef9da0000 - 0x000007fef9dc7000 	C:\Windows\system32\IPHLPAPI.DLL
0x000007fef9d80000 - 0x000007fef9d8b000 	C:\Windows\system32\WINNSI.DLL
0x000007fef9820000 - 0x000007fef9831000 	C:\Windows\system32\dhcpcsvc6.DLL
0x000007fef9800000 - 0x000007fef9818000 	C:\Windows\system32\dhcpcsvc.DLL
0x0000000077ab0000 - 0x0000000077ac1000 	D:\Xilinx\SDK\2015.1\tps\win64\jre\bin\nio.dll
0x000007fef9ec0000 - 0x000007fef9ed5000 	C:\Windows\system32\NLAapi.dll
0x000007fef9220000 - 0x000007fef9235000 	C:\Windows\system32\napinsp.dll
0x000007fef9240000 - 0x000007fef9259000 	C:\Windows\system32\pnrpnsp.dll
0x000007fefcab0000 - 0x000007fefcb0b000 	C:\Windows\system32\DNSAPI.dll
0x000007fef91e0000 - 0x000007fef91eb000 	C:\Windows\System32\winrnr.dll
0x000007fef91d0000 - 0x000007fef91e0000 	C:\Windows\system32\wshbth.dll
0x000007fefc640000 - 0x000007fefc647000 	C:\Windows\System32\wshtcpip.dll
0x000007fef92d0000 - 0x000007fef92d8000 	C:\Windows\system32\rasadhlp.dll
0x000007fef9760000 - 0x000007fef97b3000 	C:\Windows\System32\fwpuclnt.dll
0x000007fefd340000 - 0x000007fefd397000 	C:\Windows\system32\apphelp.dll
0x0000000018750000 - 0x00000000187f8000 	C:\Users\Gulkevich_A\.Xilinx\SDK\2015.1\org.eclipse.osgi\bundles\288\1\.cp\swt-win32-4335.dll
0x000007feff5a0000 - 0x000007feff677000 	C:\Windows\system32\OLEAUT32.dll
0x000007feff7d0000 - 0x000007feff867000 	C:\Windows\system32\comdlg32.dll
0x000007fefc010000 - 0x000007fefc204000 	C:\Windows\WinSxS\amd64_microsoft.windows.common-controls_6595b64144ccf1df_6.0.7601.18837_none_fa3b1e3d17594757\COMCTL32.dll
0x000007fef5af0000 - 0x000007fef5b61000 	C:\Windows\system32\WINSPOOL.DRV
0x000007fefdcb0000 - 0x000007fefdf19000 	C:\Windows\system32\WININET.dll
0x000007fefd740000 - 0x000007fefd744000 	C:\Windows\system32\api-ms-win-downlevel-user32-l1-1-0.dll
0x000007fefd840000 - 0x000007fefd844000 	C:\Windows\system32\api-ms-win-downlevel-shlwapi-l1-1-0.dll
0x000007fefd760000 - 0x000007fefd764000 	C:\Windows\system32\api-ms-win-downlevel-version-l1-1-0.dll
0x000007fefd750000 - 0x000007fefd753000 	C:\Windows\system32\api-ms-win-downlevel-normaliz-l1-1-0.dll
0x00000000778c0000 - 0x00000000778c3000 	C:\Windows\system32\normaliz.DLL
0x000007fefd9c0000 - 0x000007fefdc87000 	C:\Windows\system32\iertutil.dll
0x000007fefd590000 - 0x000007fefd595000 	C:\Windows\system32\api-ms-win-downlevel-advapi32-l1-1-0.dll
0x000007fefd5d0000 - 0x000007fefd73d000 	C:\Windows\system32\CRYPT32.dll
0x000007fefd4a0000 - 0x000007fefd4af000 	C:\Windows\system32\MSASN1.dll
0x000007fefbfb0000 - 0x000007fefc006000 	C:\Windows\system32\uxtheme.dll
0x000007fefb810000 - 0x000007fefb828000 	C:\Windows\system32\dwmapi.dll
0x000007fefb830000 - 0x000007fefb95c000 	C:\Windows\system32\propsys.dll
0x000007feff960000 - 0x000007feff9f9000 	C:\Windows\system32\CLBCatQ.DLL
0x000007fedf8a0000 - 0x000007fedf8bc000 	D:\Xilinx\SDK\2015.1\lib\win64.o\librdi_hw_platform.dll
0x000007fee0340000 - 0x000007fee0362000 	D:\Xilinx\SDK\2015.1\lib\win64.o\libboost_filesystem.dll
0x000007fef5190000 - 0x000007fef5199000 	D:\Xilinx\SDK\2015.1\lib\win64.o\libboost_system.dll
0x000007fee0a90000 - 0x000007fee0b37000 	C:\Windows\system32\MSVCP110.dll
0x000007fee0b80000 - 0x000007fee0c54000 	C:\Windows\system32\MSVCR110.dll
0x000007feda7f0000 - 0x000007fedb134000 	D:\Xilinx\SDK\2015.1\lib\win64.o\librdi_common.dll
0x000007fedb800000 - 0x000007fedbaa8000 	D:\Xilinx\SDK\2015.1\lib\win64.o\libCOIN-all.dll
0x000007feda5d0000 - 0x000007feda7f0000 	D:\Xilinx\SDK\2015.1\lib\win64.o\libXil_lmgr11.dll
0x000007fefb4f0000 - 0x000007fefb506000 	C:\Windows\system32\NETAPI32.dll
0x000007fefc8c0000 - 0x000007fefc8cc000 	C:\Windows\system32\netutils.dll
0x000007fefd000000 - 0x000007fefd023000 	C:\Windows\system32\srvcli.dll
0x000007fefb4d0000 - 0x000007fefb4e5000 	C:\Windows\system32\wkscli.dll
0x000007fefd550000 - 0x000007fefd58b000 	C:\Windows\system32\WINTRUST.dll
0x000007fef6460000 - 0x000007fef6470000 	D:\Xilinx\SDK\2015.1\lib\win64.o\libboost_date_time.dll
0x000007fee01b0000 - 0x000007fee0224000 	D:\Xilinx\SDK\2015.1\lib\win64.o\libboost_program_options.dll
0x000007fedf8c0000 - 0x000007fedf9ba000 	D:\Xilinx\SDK\2015.1\lib\win64.o\libboost_regex.dll
0x000007fef5030000 - 0x000007fef5043000 	D:\Xilinx\SDK\2015.1\lib\win64.o\libboost_signals.dll
0x000007fef4250000 - 0x000007fef426d000 	D:\Xilinx\SDK\2015.1\lib\win64.o\libboost_thread.dll
0x000007feeecb0000 - 0x000007feeecbb000 	D:\Xilinx\SDK\2015.1\lib\win64.o\libboost_chrono.dll
0x000007fee0230000 - 0x000007fee02b0000 	D:\Xilinx\SDK\2015.1\lib\win64.o\libhdlpsolve.dll
0x000007fee0110000 - 0x000007fee01aa000 	D:\Xilinx\SDK\2015.1\lib\win64.o\libhdxml.dll
0x000007fed9fc0000 - 0x000007feda5ca200 	D:\Xilinx\SDK\2015.1\lib\win64.o\libisl_iostreams.dll
0x000007fee00f0000 - 0x000007fee0106000 	D:\Xilinx\SDK\2015.1\lib\win64.o\libboost_iostreams.dll
0x000007fee00c0000 - 0x000007fee00e3000 	D:\Xilinx\SDK\2015.1\lib\win64.o\librdizlib.dll
0x000007fedfbe0000 - 0x000007fedfc03000 	D:\Xilinx\SDK\2015.1\lib\win64.o\libisl_iosutils.dll
0x000007fee0420000 - 0x000007fee044a000 	D:\Xilinx\SDK\2015.1\lib\win64.o\libisl_sysinfo.dll
0x000007fedfbc0000 - 0x000007fedfbd5000 	D:\Xilinx\SDK\2015.1\lib\win64.o\pthreadVC2.dll
0x000007fedfb60000 - 0x000007fedfbb6000 	D:\Xilinx\SDK\2015.1\lib\win64.o\librdi_commonxillic.dll
0x000007fed9e90000 - 0x000007fed9fc0000 	D:\Xilinx\SDK\2015.1\lib\win64.o\librdi_curl.dll
0x000007fedfb10000 - 0x000007fedfb28000 	D:\Xilinx\SDK\2015.1\lib\win64.o\librdiconfig.dll
0x0000000077ad0000 - 0x0000000077bf7000 	D:\Xilinx\SDK\2015.1\lib\win64.o\tcl85t.dll
0x0000000020780000 - 0x00000000209e3000 	D:\Xilinx\SDK\2015.1\lib\win64.o\xerces-c_3_1.dll
0x000007fefb1f0000 - 0x000007fefb261000 	C:\Windows\system32\WINHTTP.dll
0x000007fefb180000 - 0x000007fefb1e4000 	C:\Windows\system32\webio.dll
0x000007fefefa0000 - 0x000007feff125000 	C:\Windows\system32\urlmon.dll
0x000007fefd5a0000 - 0x000007fefd5a4000 	C:\Windows\system32\api-ms-win-downlevel-ole32-l1-1-0.dll
0x000007feddb90000 - 0x000007feddbb3000 	C:\Windows\system32\VCOMP110.DLL
0x000007fed9cb0000 - 0x000007fed9e84000 	D:\Xilinx\SDK\2015.1\lib\win64.o\librdi_hsm.dll
0x000007feddb10000 - 0x000007feddb4e000 	D:\Xilinx\SDK\2015.1\lib\win64.o\librdi_hdf.dll
0x000007fed9af0000 - 0x000007fed9caa000 	D:\Xilinx\SDK\2015.1\lib\win64.o\librdi_ippcw.dll
0x0000000180000000 - 0x0000000180012000 	C:\Users\Gulkevich_A\.Xilinx\SDK\2015.1\org.eclipse.osgi\bundles\114\1\.cp\os\win32\x86_64\localfile_1_0_0.dll
0x000007fef91a0000 - 0x000007fef91b0000 	D:\Xilinx\SDK\2015.1\lib\win64.o\librdi_repo_manager.dll
0x000007fed96e0000 - 0x000007fed9aea000 	D:\Xilinx\SDK\2015.1\lib\win64.o\librdi_commontasks.dll
0x000007fed8ed0000 - 0x000007fed96e0000 	D:\Xilinx\SDK\2015.1\lib\win64.o\libXil_lmgr11FNP.dll
0x000007fef6140000 - 0x000007fef614b000 	C:\Windows\system32\snmpapi.dll
0x000007feff130000 - 0x000007feff307000 	C:\Windows\system32\SETUPAPI.dll
0x000007fefd790000 - 0x000007fefd7c6000 	C:\Windows\system32\CFGMGR32.dll
0x000007fefd770000 - 0x000007fefd78a000 	C:\Windows\system32\DEVOBJ.dll
0x000007fee2230000 - 0x000007fee2284000 	C:\Windows\system32\OLEACC.dll
0x000007fefd260000 - 0x000007fefd285000 	C:\Windows\system32\SspiCli.dll
0x000007fefa410000 - 0x000007fefa41e000 	C:\Windows\system32\wbem\wbemprox.dll
0x000007fefa390000 - 0x000007fefa40d000 	C:\Windows\system32\wbemcomn2.dll
0x000007fefd3e0000 - 0x000007fefd3f4000 	C:\Windows\system32\RpcRtRemote.dll
0x000007fef6b90000 - 0x000007fef6ba4000 	C:\Windows\system32\wbem\wbemsvc.dll
0x000007fef6fb0000 - 0x000007fef7084000 	C:\Windows\system32\wbem\fastprox.dll
0x000007fef91f0000 - 0x000007fef9217000 	C:\Windows\system32\NTDSAPI.dll

VM Arguments:
jvm_args: -Dorg.eclipse.cdt.core.console org.eclipse.cdt.core.systemConsole -Xms64m -Xmx512m & 
java_command: <unknown>
java_class_path (initial): D:\Xilinx\SDK\2015.1\eclipse\win64.o\\plugins/org.eclipse.equinox.launcher_1.3.0.v20130327-1440.jar
Launcher Type: generic

Environment Variables:
PATH=D:/Xilinx/SDK/2015.1/tps/win64/jre/bin/server;D:/Xilinx/SDK/2015.1/tps/win64/jre/bin;D:/Xilinx/SDK/2015.1/tps/win64/jre/lib/amd64;\D:\Xilinx\SDK\2015.1\tps\win64\jre\bin;D:\Xilinx\SDK\2015.1\tps\win64\jre\bin;D:\Xilinx\SDK\2015.1\gnuwin\bin;D:\Xilinx\SDK\2015.1\bin;D:\Xilinx\SDK\2015.1\gnu\microblaze\nt\bin;D:\Xilinx\SDK\2015.1\gnu\microblaze\linux_toolchain\nt64_le\bin;D:\Xilinx\SDK\2015.1\gnu\microblaze\linux_toolchain\nt64_be\bin;D:\Xilinx\SDK\2015.1\gnu\arm\nt\bin;D:\Xilinx\SDK\2015.1\gnu\aarch64\nt\aarch64-none\bin;D:\Xilinx\SDK\2015.1\gnu\aarch64\nt\aarch64-linux\bin;D:\Xilinx\SDK\2015.1\gnu\armr5\nt\gcc-arm-none-eabi\bin;;D:/Xilinx/SDK/2015.1/bin;D:/Xilinx/SDK/2015.1/lib/win64.o;D:/Xilinx/SDK/2015.1/tps/win64/jre/bin/server;D:/Xilinx/SDK/2015.1/tps/win64/jre/bin;D:/Xilinx/SDK/2015.1/bin;D:/Xilinx/SDK/2015.1/bin;D:/Xilinx/SDK/2015.1/gnuwin//bin;D:/Xilinx/SDK/2015.1/gnu/microblaze/nt/bin;D:/Xilinx/SDK/2015.1/gnu/microblaze/linux_toolchain/nt64_le/bin;D:/Xilinx/SDK/2015.1/gnu/microblaze/linux_toolchain/nt64_be/bin;D:/Xilinx/SDK/2015.1/gnu/arm/nt/bin;D:/Xilinx/SDK/2015.1/bin;D:/Xilinx/SDK/2015.1/lib/win64.o;D:/Xilinx/SDK/2015.1/tps/win64/jre/bin/server;D:/Xilinx/SDK/2015.1/tps/win64/jre/bin;D:/Xilinx/SDK/2015.1/bin;C:\ProgramData\Oracle\Java\javapath;D:\Ruby\bin;C:\Windows\system32;C:\Windows;C:\Windows\System32\Wbem;C:\Windows\System32\WindowsPowerShell\v1.0\;C:\Program Files (x86)\NVIDIA Corporation\PhysX\Common;D:\Strawberry\c\bin;D:\Strawberry\perl\site\bin;D:\Strawberry\perl\bin;C:\Windows\System32\WindowsPowerShell\v1.0\;%USERPROFILE%\.dnx\bin;C:\Program Files\Microsoft DNX\Dnvm\;C:\Program Files\Microsoft SQL Server\120\Tools\Binn\;C:\Windows\System32\WindowsPowerShell\v1.0\;C:\Program Files (x86)\Windows Kits\8.1\Windows Performance Toolkit\;D:\Microsoft Visual Studio 14.0\VC\bin;C:\Program Files\Microsoft\Web Platform Installer\;C:\Program Files (x86)\Skype\Phone\;C:\Users\Gulkevich_A\Desktop\xilinx_auto;
USERNAME=Gulkevich_A
OS=Windows_NT
PROCESSOR_IDENTIFIER=Intel64 Family 6 Model 45 Stepping 7, GenuineIntel



---------------  S Y S T E M  ---------------

OS: Windows 7 , 64 bit Build 7601 Service Pack 1

CPU:total 8 (4 cores per cpu, 2 threads per core) family 6 model 45 stepping 7, cmov, cx8, fxsr, mmx, sse, sse2, sse3, ssse3, sse4.1, sse4.2, popcnt, avx, aes, clmul, ht, tsc, tscinvbit, tscinv

Memory: 4k page, physical 16718204k(11338236k free), swap 33434572k(26868108k free)

vm_info: Java HotSpot(TM) 64-Bit Server VM (25.25-b02) for windows-amd64 JRE (1.8.0_25-b18), built on Oct  7 2014 14:25:37 by "java_re" with MS VC++ 10.0 (VS2010)

time: Thu Nov 19 11:34:06 2015
elapsed time: 10 seconds (0d 0h 0m 10s)

