#
# A fatal error has been detected by the Java Runtime Environment:
#
#  Internal Error (0xc000000d), pid=7172, tid=2980
#
# JRE version: Java(TM) SE Runtime Environment (8.0_25-b18) (build 1.8.0_25-b18)
# Java VM: Java HotSpot(TM) 64-Bit Server VM (25.25-b02 mixed mode windows-amd64 compressed oops)
# Problematic frame:
# C  [ntdll.dll+0x73b81]
#
# Failed to write core dump. Minidumps are not enabled by default on client versions of Windows
#
# If you would like to submit a bug report, please visit:
#   http://bugreport.sun.com/bugreport/crash.jsp
#

---------------  T H R E A D  ---------------

Current thread (0x0000000013e4f800):  VMThread [stack: 0x0000000015f20000,0x0000000016020000] [id=2980]

siginfo: ExceptionCode=0xc000000d

Registers:
RAX=0x000000006102f2c3, RBX=0x0000000000000000, RCX=0x000000001601ed10, RDX=0x0000000000000000
RSP=0x000000001601f320, RBP=0x000000001f624f30, RSI=0x000007fee0b87408, RDI=0x000000001601f468
R8 =0x0000000000000000, R9 =0x0000000000000000, R10=0x0000000000000000, R11=0x0000000000000246
R12=0x000000002054ebb8, R13=0x000000002054eb70, R14=0x000000001f625038, R15=0x0000000000000000
RIP=0x0000000077763b81, EFLAGS=0x0000000000000206

Top of Stack: (sp=0x000000001601f320)
0x000000001601f320:   0000000000000000 000007fee0b87408
0x000000001601f330:   000000001601f468 0000000000000000
0x000000001601f340:   0000000000000000 0000000000000000
0x000000001601f350:   0000000000000000 0000000000000000
0x000000001601f360:   0000000000000002 0000000000000101
0x000000001601f370:   00000000c000000d 0000000000000000
0x000000001601f380:   0000000077763b81 0000000000000000
0x000000001601f390:   0000000000000000 0000000000000000
0x000000001601f3a0:   0000000000000000 0000000000000000
0x000000001601f3b0:   0000000000000000 0000000000000000
0x000000001601f3c0:   0000000000000000 0000000000000000
0x000000001601f3d0:   0000000000000000 0000000000000000
0x000000001601f3e0:   0000000000000000 0000000000000000
0x000000001601f3f0:   0000000000000000 0000000000000000
0x000000001601f400:   0000000000000000 0000000000000000
0x000000001601f410:   0000000000000078 0000000077613328 

Instructions: (pc=0x0000000077763b81)
0x0000000077763b61:   1b ba fd ff b9 57 00 00 00 c7 44 24 50 0d 00 00
0x0000000077763b71:   c0 e8 09 bd fd ff 48 8d 4c 24 50 e8 3f 54 fa ff
0x0000000077763b81:   4c 8b 1d 50 a8 0b 00 4d 85 db 74 5b 65 48 8b 04
0x0000000077763b91:   25 30 00 00 00 f6 80 ee 17 00 00 08 74 12 65 48 


Register to memory mapping:

RAX=0x000000006102f2c3 is an unknown value
RBX=0x0000000000000000 is an unknown value
RCX=0x000000001601ed10 is an unknown value
RDX=0x0000000000000000 is an unknown value
RSP=0x000000001601f320 is an unknown value
RBP=0x000000001f624f30 is an unknown value
RSI=0x000007fee0b87408 is an unknown value
RDI=0x000000001601f468 is an unknown value
R8 =0x0000000000000000 is an unknown value
R9 =0x0000000000000000 is an unknown value
R10=0x0000000000000000 is an unknown value
R11=0x0000000000000246 is an unknown value
R12=0x000000002054ebb8 is an unknown value
R13=0x000000002054eb70 is an unknown value
R14=0x000000001f625038 is an unknown value
R15=0x0000000000000000 is an unknown value


Stack: [0x0000000015f20000,0x0000000016020000],  sp=0x000000001601f320,  free space=1020k
Native frames: (J=compiled Java code, j=interpreted, Vv=VM code, C=native code)
C  [ntdll.dll+0x73b81]
C  [kernel32.dll+0x43328]
C  [MSVCR110.dll+0x752d]
C  [MSVCR110.dll+0x14cde]
C  [MSVCR110.dll+0x13edc]
C  [MSVCR110.dll+0x239e]
C  [MSVCR110.dll+0xaf9e]
C  [MSVCP110.dll+0x397b9]
C  [librdi_common.dll+0x135d02]
C  [librdi_common.dll+0x13447b]
C  0x000007fee05b4874
C  0x000007fee05b4af6
C  [ntdll.dll+0x23a81]
C  [ntdll.dll+0x23890]
C  [MSVCR100.dll+0x20ccd]
V  [jvm.dll+0x1f9c55]
V  [jvm.dll+0x2325e7]
V  [jvm.dll+0x231826]
V  [jvm.dll+0x231cc1]
V  [jvm.dll+0x231ede]
V  [jvm.dll+0x2852fa]
C  [MSVCR100.dll+0x21d9f]
C  [MSVCR100.dll+0x21e3b]
C  [kernel32.dll+0x15a4d]
C  [ntdll.dll+0x2b831]

VM_Operation (0x000000000012f500): Exit, mode: safepoint, requested by thread 0x00000000024f8000


---------------  P R O C E S S  ---------------

Java Threads: ( => current thread )
  0x0000000016af9800 JavaThread "EMF Reference Cleaner" daemon [_thread_blocked, id=8632, stack(0x000000001a600000,0x000000001a700000)]
  0x0000000016af8800 JavaThread "TCF Locator DNS Lookup" daemon [_thread_blocked, id=1532, stack(0x000000001c0c0000,0x000000001c1c0000)]
  0x0000000016af8000 JavaThread "TCF Locator Timer" daemon [_thread_blocked, id=8044, stack(0x000000001bfc0000,0x000000001c0c0000)]
  0x0000000016af7000 JavaThread "TCF Locator Receiver" daemon [_thread_in_native, id=4232, stack(0x000000001a500000,0x000000001a600000)]
  0x000000001a00f800 JavaThread "TCF Timer Dispatcher" daemon [_thread_blocked, id=7784, stack(0x000000001b900000,0x000000001ba00000)]
  0x00000000150af800 JavaThread "Service Thread" daemon [_thread_blocked, id=2316, stack(0x0000000016820000,0x0000000016920000)]
  0x000000001504b000 JavaThread "C1 CompilerThread3" daemon [_thread_blocked, id=5128, stack(0x0000000016720000,0x0000000016820000)]
  0x0000000015032000 JavaThread "C2 CompilerThread2" daemon [_thread_blocked, id=4528, stack(0x0000000016620000,0x0000000016720000)]
  0x000000001502b000 JavaThread "C2 CompilerThread1" daemon [_thread_blocked, id=7972, stack(0x0000000016520000,0x0000000016620000)]
  0x0000000015022000 JavaThread "C2 CompilerThread0" daemon [_thread_blocked, id=8872, stack(0x0000000016420000,0x0000000016520000)]
  0x000000001501f000 JavaThread "Attach Listener" daemon [_thread_blocked, id=7384, stack(0x0000000016320000,0x0000000016420000)]
  0x000000001501e000 JavaThread "Signal Dispatcher" daemon [_thread_blocked, id=8680, stack(0x0000000016220000,0x0000000016320000)]
  0x0000000013e5b000 JavaThread "Finalizer" daemon [_thread_blocked, id=7640, stack(0x0000000016120000,0x0000000016220000)]
  0x0000000013e52000 JavaThread "Reference Handler" daemon [_thread_blocked, id=7260, stack(0x0000000016020000,0x0000000016120000)]
  0x00000000024f8000 JavaThread "main" [_thread_blocked, id=6232, stack(0x0000000000030000,0x0000000000130000)]

Other Threads:
=>0x0000000013e4f800 VMThread [stack: 0x0000000015f20000,0x0000000016020000] [id=2980]

VM state:at safepoint (shutting down)

VM Mutex/Monitor currently owned by a thread:  ([mutex/lock_event])
[0x000000000038e5d0] Threads_lock - owner thread: 0x0000000013e4f800

Heap:
 PSYoungGen      total 88064K, used 31537K [0x00000000f5580000, 0x00000000fcd00000, 0x0000000100000000)
  eden space 76800K, 41% used [0x00000000f5580000,0x00000000f744c5c0,0x00000000fa080000)
  from space 11264K, 0% used [0x00000000fa080000,0x00000000fa080000,0x00000000fab80000)
  to   space 10752K, 0% used [0x00000000fc280000,0x00000000fc280000,0x00000000fcd00000)
 ParOldGen       total 55808K, used 14355K [0x00000000e0000000, 0x00000000e3680000, 0x00000000f5580000)
  object space 55808K, 25% used [0x00000000e0000000,0x00000000e0e04ed0,0x00000000e3680000)
 Metaspace       used 34573K, capacity 37066K, committed 37336K, reserved 1081344K
  class space    used 3761K, capacity 4542K, committed 4568K, reserved 1048576K

Card table byte_map: [0x0000000011a60000,0x0000000011b70000] byte_map_base: 0x0000000011360000

Marking Bits: (ParMarkBitMap*) 0x000000007049d490
 Begin Bits: [0x0000000012370000, 0x0000000012b70000)
 End Bits:   [0x0000000012b70000, 0x0000000013370000)

Polling page: 0x0000000000310000

CodeCache: size=245760Kb used=16034Kb max_used=16037Kb free=229725Kb
 bounds [0x00000000026a0000, 0x0000000003670000, 0x00000000116a0000]
 total_blobs=4999 nmethods=4415 adapters=496
 compilation: enabled

Compilation events (10 events):
Event: 9.892 Thread 0x000000001502b000 nmethod 4986 0x0000000003659810 code [0x0000000003659ca0, 0x000000000365c9c0]
Event: 9.895 Thread 0x0000000015032000 nmethod 5034 0x0000000003654650 code [0x0000000003654800, 0x0000000003655288]
Event: 9.895 Thread 0x0000000015022000 5035       4       java.io.WinNTFileSystem::resolve (231 bytes)
Event: 9.903 Thread 0x0000000015022000 nmethod 5035 0x0000000003383c10 code [0x0000000003383dc0, 0x0000000003384670]
Event: 9.907 Thread 0x000000001504b000 5037       3       java.io.File::list (33 bytes)
Event: 9.907 Thread 0x000000001504b000 nmethod 5037 0x000000000338b390 code [0x000000000338b560, 0x000000000338bc88]
Event: 9.924 Thread 0x000000001504b000 5038       3       org.eclipse.osgi.framework.internal.core.AbstractBundle::close (52 bytes)
Event: 9.925 Thread 0x000000001504b000 nmethod 5038 0x00000000036567d0 code [0x0000000003656a00, 0x00000000036576e8]
Event: 9.925 Thread 0x000000001504b000 5039       1       java.util.logging.LogManager$LoggerContext::getOwner (5 bytes)
Event: 9.925 Thread 0x000000001504b000 nmethod 5039 0x000000000338b0d0 code [0x000000000338b220, 0x000000000338b330]

GC Heap History (10 events):
Event: 6.496 GC heap before
{Heap before GC invocations=7 (full 1):
 PSYoungGen      total 35328K, used 35312K [0x00000000f5580000, 0x00000000f9f80000, 0x0000000100000000)
  eden space 32768K, 100% used [0x00000000f5580000,0x00000000f7580000,0x00000000f7580000)
  from space 2560K, 99% used [0x00000000f7580000,0x00000000f77fc320,0x00000000f7800000)
  to   space 12288K, 0% used [0x00000000f9380000,0x00000000f9380000,0x00000000f9f80000)
 ParOldGen       total 44032K, used 20347K [0x00000000e0000000, 0x00000000e2b00000, 0x00000000f5580000)
  object space 44032K, 46% used [0x00000000e0000000,0x00000000e13ded08,0x00000000e2b00000)
 Metaspace       used 30497K, capacity 32962K, committed 33152K, reserved 1079296K
  class space    used 3446K, capacity 4173K, committed 4224K, reserved 1048576K
Event: 6.499 GC heap after
Heap after GC invocations=7 (full 1):
 PSYoungGen      total 59392K, used 4804K [0x00000000f5580000, 0x00000000f9d00000, 0x0000000100000000)
  eden space 49664K, 0% used [0x00000000f5580000,0x00000000f5580000,0x00000000f8600000)
  from space 9728K, 49% used [0x00000000f9380000,0x00000000f9831080,0x00000000f9d00000)
  to   space 11776K, 0% used [0x00000000f8600000,0x00000000f8600000,0x00000000f9180000)
 ParOldGen       total 44032K, used 20355K [0x00000000e0000000, 0x00000000e2b00000, 0x00000000f5580000)
  object space 44032K, 46% used [0x00000000e0000000,0x00000000e13e0d08,0x00000000e2b00000)
 Metaspace       used 30497K, capacity 32962K, committed 33152K, reserved 1079296K
  class space    used 3446K, capacity 4173K, committed 4224K, reserved 1048576K
}
Event: 6.924 GC heap before
{Heap before GC invocations=8 (full 1):
 PSYoungGen      total 59392K, used 54468K [0x00000000f5580000, 0x00000000f9d00000, 0x0000000100000000)
  eden space 49664K, 100% used [0x00000000f5580000,0x00000000f8600000,0x00000000f8600000)
  from space 9728K, 49% used [0x00000000f9380000,0x00000000f9831080,0x00000000f9d00000)
  to   space 11776K, 0% used [0x00000000f8600000,0x00000000f8600000,0x00000000f9180000)
 ParOldGen       total 44032K, used 20355K [0x00000000e0000000, 0x00000000e2b00000, 0x00000000f5580000)
  object space 44032K, 46% used [0x00000000e0000000,0x00000000e13e0d08,0x00000000e2b00000)
 Metaspace       used 30812K, capacity 33250K, committed 33408K, reserved 1079296K
  class space    used 3456K, capacity 4205K, committed 4224K, reserved 1048576K
Event: 6.940 GC heap after
Heap after GC invocations=8 (full 1):
 PSYoungGen      total 61440K, used 4215K [0x00000000f5580000, 0x00000000fb700000, 0x0000000100000000)
  eden space 49664K, 0% used [0x00000000f5580000,0x00000000f5580000,0x00000000f8600000)
  from space 11776K, 35% used [0x00000000f8600000,0x00000000f8a1df20,0x00000000f9180000)
  to   space 11776K, 0% used [0x00000000fab80000,0x00000000fab80000,0x00000000fb700000)
 ParOldGen       total 44032K, used 20363K [0x00000000e0000000, 0x00000000e2b00000, 0x00000000f5580000)
  object space 44032K, 46% used [0x00000000e0000000,0x00000000e13e2d08,0x00000000e2b00000)
 Metaspace       used 30812K, capacity 33250K, committed 33408K, reserved 1079296K
  class space    used 3456K, capacity 4205K, committed 4224K, reserved 1048576K
}
Event: 7.330 GC heap before
{Heap before GC invocations=9 (full 1):
 PSYoungGen      total 61440K, used 53879K [0x00000000f5580000, 0x00000000fb700000, 0x0000000100000000)
  eden space 49664K, 100% used [0x00000000f5580000,0x00000000f8600000,0x00000000f8600000)
  from space 11776K, 35% used [0x00000000f8600000,0x00000000f8a1df20,0x00000000f9180000)
  to   space 11776K, 0% used [0x00000000fab80000,0x00000000fab80000,0x00000000fb700000)
 ParOldGen       total 44032K, used 20363K [0x00000000e0000000, 0x00000000e2b00000, 0x00000000f5580000)
  object space 44032K, 46% used [0x00000000e0000000,0x00000000e13e2d08,0x00000000e2b00000)
 Metaspace       used 31116K, capacity 33506K, committed 33664K, reserved 1079296K
  class space    used 3464K, capacity 4205K, committed 4224K, reserved 1048576K
Event: 7.351 GC heap after
Heap after GC invocations=9 (full 1):
 PSYoungGen      total 88576K, used 5902K [0x00000000f5580000, 0x00000000fb800000, 0x0000000100000000)
  eden space 76800K, 0% used [0x00000000f5580000,0x00000000f5580000,0x00000000fa080000)
  from space 11776K, 50% used [0x00000000fab80000,0x00000000fb143b20,0x00000000fb700000)
  to   space 11264K, 0% used [0x00000000fa080000,0x00000000fa080000,0x00000000fab80000)
 ParOldGen       total 44032K, used 20371K [0x00000000e0000000, 0x00000000e2b00000, 0x00000000f5580000)
  object space 44032K, 46% used [0x00000000e0000000,0x00000000e13e4d08,0x00000000e2b00000)
 Metaspace       used 31116K, capacity 33506K, committed 33664K, reserved 1079296K
  class space    used 3464K, capacity 4205K, committed 4224K, reserved 1048576K
}
Event: 8.136 GC heap before
{Heap before GC invocations=10 (full 1):
 PSYoungGen      total 88576K, used 27077K [0x00000000f5580000, 0x00000000fb800000, 0x0000000100000000)
  eden space 76800K, 27% used [0x00000000f5580000,0x00000000f6a2dbf8,0x00000000fa080000)
  from space 11776K, 50% used [0x00000000fab80000,0x00000000fb143b20,0x00000000fb700000)
  to   space 11264K, 0% used [0x00000000fa080000,0x00000000fa080000,0x00000000fab80000)
 ParOldGen       total 44032K, used 20371K [0x00000000e0000000, 0x00000000e2b00000, 0x00000000f5580000)
  object space 44032K, 46% used [0x00000000e0000000,0x00000000e13e4d08,0x00000000e2b00000)
 Metaspace       used 32848K, capacity 35290K, committed 35416K, reserved 1081344K
  class space    used 3599K, capacity 4376K, committed 4440K, reserved 1048576K
Event: 8.143 GC heap after
Heap after GC invocations=10 (full 1):
 PSYoungGen      total 88064K, used 5207K [0x00000000f5580000, 0x00000000fcd00000, 0x0000000100000000)
  eden space 76800K, 0% used [0x00000000f5580000,0x00000000f5580000,0x00000000fa080000)
  from space 11264K, 46% used [0x00000000fa080000,0x00000000fa595c78,0x00000000fab80000)
  to   space 10752K, 0% used [0x00000000fc280000,0x00000000fc280000,0x00000000fcd00000)
 ParOldGen       total 44032K, used 22330K [0x00000000e0000000, 0x00000000e2b00000, 0x00000000f5580000)
  object space 44032K, 50% used [0x00000000e0000000,0x00000000e15ceb18,0x00000000e2b00000)
 Metaspace       used 32848K, capacity 35290K, committed 35416K, reserved 1081344K
  class space    used 3599K, capacity 4376K, committed 4440K, reserved 1048576K
}
Event: 8.143 GC heap before
{Heap before GC invocations=11 (full 2):
 PSYoungGen      total 88064K, used 5207K [0x00000000f5580000, 0x00000000fcd00000, 0x0000000100000000)
  eden space 76800K, 0% used [0x00000000f5580000,0x00000000f5580000,0x00000000fa080000)
  from space 11264K, 46% used [0x00000000fa080000,0x00000000fa595c78,0x00000000fab80000)
  to   space 10752K, 0% used [0x00000000fc280000,0x00000000fc280000,0x00000000fcd00000)
 ParOldGen       total 44032K, used 22330K [0x00000000e0000000, 0x00000000e2b00000, 0x00000000f5580000)
  object space 44032K, 50% used [0x00000000e0000000,0x00000000e15ceb18,0x00000000e2b00000)
 Metaspace       used 32848K, capacity 35290K, committed 35416K, reserved 1081344K
  class space    used 3599K, capacity 4376K, committed 4440K, reserved 1048576K
Event: 8.192 GC heap after
Heap after GC invocations=11 (full 2):
 PSYoungGen      total 88064K, used 0K [0x00000000f5580000, 0x00000000fcd00000, 0x0000000100000000)
  eden space 76800K, 0% used [0x00000000f5580000,0x00000000f5580000,0x00000000fa080000)
  from space 11264K, 0% used [0x00000000fa080000,0x00000000fa080000,0x00000000fab80000)
  to   space 10752K, 0% used [0x00000000fc280000,0x00000000fc280000,0x00000000fcd00000)
 ParOldGen       total 55808K, used 14355K [0x00000000e0000000, 0x00000000e3680000, 0x00000000f5580000)
  object space 55808K, 25% used [0x00000000e0000000,0x00000000e0e04ed0,0x00000000e3680000)
 Metaspace       used 32848K, capacity 35290K, committed 35416K, reserved 1081344K
  class space    used 3599K, capacity 4376K, committed 4440K, reserved 1048576K
}

Deoptimization events (10 events):
Event: 8.255 Thread 0x0000000016af6800 Uncommon trap: reason=class_check action=maybe_recompile pc=0x00000000034e508c method=java.util.regex.Pattern$CharProperty.match(Ljava/util/regex/Matcher;ILjava/lang/CharSequence;)Z @ 37
Event: 8.842 Thread 0x0000000016af6800 Uncommon trap: reason=class_check action=maybe_recompile pc=0x00000000034e508c method=java.util.regex.Pattern$CharProperty.match(Ljava/util/regex/Matcher;ILjava/lang/CharSequence;)Z @ 37
Event: 8.843 Thread 0x0000000016af6800 Uncommon trap: reason=class_check action=maybe_recompile pc=0x00000000034e508c method=java.util.regex.Pattern$CharProperty.match(Ljava/util/regex/Matcher;ILjava/lang/CharSequence;)Z @ 37
Event: 8.845 Thread 0x0000000016af6800 Uncommon trap: reason=bimorphic action=maybe_recompile pc=0x00000000031d8fb8 method=java.util.HashMap.putVal(ILjava/lang/Object;Ljava/lang/Object;ZZ)Ljava/lang/Object; @ 253
Event: 9.172 Thread 0x0000000016afa000 Uncommon trap: reason=bimorphic action=maybe_recompile pc=0x00000000027e425c method=java.util.regex.Pattern$Start.match(Ljava/util/regex/Matcher;ILjava/lang/CharSequence;)Z @ 44
Event: 9.174 Thread 0x0000000016afd000 Uncommon trap: reason=predicate action=maybe_recompile pc=0x0000000003424c0c method=java.util.concurrent.CopyOnWriteArrayList.indexOf(Ljava/lang/Object;[Ljava/lang/Object;II)I @ 41
Event: 9.197 Thread 0x0000000016afd000 Uncommon trap: reason=bimorphic action=maybe_recompile pc=0x0000000002d6e104 method=java.util.Hashtable.put(Ljava/lang/Object;Ljava/lang/Object;)Ljava/lang/Object; @ 60
Event: 9.197 Thread 0x0000000016afd000 Uncommon trap: reason=bimorphic action=maybe_recompile pc=0x0000000002d6e104 method=java.util.Hashtable.put(Ljava/lang/Object;Ljava/lang/Object;)Ljava/lang/Object; @ 60
Event: 9.806 Thread 0x00000000024f8000 Uncommon trap: reason=unreached action=reinterpret pc=0x0000000002a92c78 method=java.lang.ref.ReferenceQueue.poll()Ljava/lang/ref/Reference; @ 4
Event: 9.834 Thread 0x00000000024f8000 Uncommon trap: reason=null_check action=make_not_entrant pc=0x0000000002e39cd8 method=org.eclipse.core.runtime.internal.adaptor.EclipseLazyStarter.shouldActivateFor(Ljava/lang/String;Lorg/eclipse/osgi/baseadaptor/BaseData;Lorg/eclipse/core/runtime/internalÒa”‚ @

Internal exceptions (10 events):
Event: 8.106 Thread 0x0000000016af6800 Exception <a 'java/io/FileNotFoundException'> (0x00000000f6960770) thrown at [D:\re\workspace\8-2-build-windows-amd64-cygwin\jdk8u25\1677\hotspot\src\share\vm\prims\jni.cpp, line 716]
Event: 9.752 Thread 0x0000000016afb000 Exception <a 'sun/net/ConnectionResetException': > (0x00000000f6dcc100) thrown at [D:\re\workspace\8-2-build-windows-amd64-cygwin\jdk8u25\1677\hotspot\src\share\vm\prims\jni.cpp, line 742]
Event: 9.752 Thread 0x0000000016afb000 Exception <a 'sun/net/ConnectionResetException': > (0x00000000f6dcc2d8) thrown at [D:\re\workspace\8-2-build-windows-amd64-cygwin\jdk8u25\1677\hotspot\src\share\vm\prims\jni.cpp, line 742]
Event: 9.752 Thread 0x0000000016afb800 Exception <a 'java/net/SocketException': Connection reset by peer: socket write error> (0x00000000f6de50a8) thrown at [D:\re\workspace\8-2-build-windows-amd64-cygwin\jdk8u25\1677\hotspot\src\share\vm\prims\jni.cpp, line 742]
Event: 9.753 Thread 0x0000000016afb800 Exception <a 'java/net/SocketException': Socket closed> (0x00000000f6e31dc8) thrown at [D:\re\workspace\8-2-build-windows-amd64-cygwin\jdk8u25\1677\hotspot\src\share\vm\prims\jni.cpp, line 742]
Event: 9.834 Thread 0x00000000024f8000 Implicit null exception at 0x0000000002e392c7 to 0x0000000002e39cc9
Event: 9.846 Thread 0x00000000024f8000 Exception <a 'java/io/FileNotFoundException'> (0x00000000f70b5c30) thrown at [D:\re\workspace\8-2-build-windows-amd64-cygwin\jdk8u25\1677\hotspot\src\share\vm\prims\jni.cpp, line 716]
Event: 9.883 Thread 0x0000000016ddd800 Exception <a 'java/lang/InterruptedException': sleep interrupted> (0x00000000f72e0a38) thrown at [D:\re\workspace\8-2-build-windows-amd64-cygwin\jdk8u25\1677\hotspot\src\share\vm\prims\jvm.cpp, line 3141]
Event: 9.885 Thread 0x000000001706e800 Exception <a 'java/lang/InterruptedException'> (0x00000000f73a09e8) thrown at [D:\re\workspace\8-2-build-windows-amd64-cygwin\jdk8u25\1677\hotspot\src\share\vm\runtime\objectMonitor.cpp, line 1682]
Event: 9.925 Thread 0x0000000017139800 Exception <a 'java/lang/InterruptedException'> (0x00000000f71b6cc8) thrown at [D:\re\workspace\8-2-build-windows-amd64-cygwin\jdk8u25\1677\hotspot\src\share\vm\runtime\objectMonitor.cpp, line 1682]

Events (10 events):
Event: 9.885 Thread 0x000000001706e800 Thread exited: 0x000000001706e800
Event: 9.925 Thread 0x0000000017139800 Thread exited: 0x0000000017139800
Event: 9.925 Thread 0x0000000016e9f000 Thread exited: 0x0000000016e9f000
Event: 9.925 loading class java/util/IdentityHashMap$KeyIterator
Event: 9.925 loading class java/util/IdentityHashMap$IdentityHashMapIterator
Event: 9.925 loading class java/util/IdentityHashMap$IdentityHashMapIterator done
Event: 9.925 loading class java/util/IdentityHashMap$KeyIterator done
Event: 9.925 Thread 0x0000000016afd000 Thread added: 0x0000000016afd000
Event: 9.925 Thread 0x0000000016afd000 Thread exited: 0x0000000016afd000
Event: 9.926 Executing VM operation: Exit


Dynamic libraries:
0x0000000000400000 - 0x0000000000407000 	D:\Xilinx\SDK\2015.1\eclipse\win64.o\eclipsec.exe
0x00000000776f0000 - 0x0000000077899000 	C:\Windows\SYSTEM32\ntdll.dll
0x00000000775d0000 - 0x00000000776f0000 	C:\Windows\system32\kernel32.dll
0x000007fefd7d0000 - 0x000007fefd83c000 	C:\Windows\system32\KERNELBASE.dll
0x00000000774d0000 - 0x00000000775ca000 	C:\Windows\system32\USER32.dll
0x000007feff680000 - 0x000007feff6e7000 	C:\Windows\system32\GDI32.dll
0x000007feff7c0000 - 0x000007feff7ce000 	C:\Windows\system32\LPK.dll
0x000007feff6f0000 - 0x000007feff7b9000 	C:\Windows\system32\USP10.dll
0x000007fefd850000 - 0x000007fefd8ef000 	C:\Windows\system32\msvcrt.dll
0x000007fefa1e0000 - 0x000007fefa280000 	C:\Windows\WinSxS\amd64_microsoft.windows.common-controls_6595b64144ccf1df_5.82.7601.18837_none_a4d981ff711297b6\COMCTL32.dll
0x000007feff870000 - 0x000007feff94b000 	C:\Windows\system32\ADVAPI32.dll
0x000007fefdc90000 - 0x000007fefdcaf000 	C:\Windows\SYSTEM32\sechost.dll
0x000007fefdfa0000 - 0x000007fefe0cd000 	C:\Windows\system32\RPCRT4.dll
0x000007fefe0d0000 - 0x000007fefe0fe000 	C:\Windows\system32\IMM32.DLL
0x000007fefee90000 - 0x000007fefef99000 	C:\Windows\system32\MSCTF.dll
0x0000000072000000 - 0x0000000072012000 	D:\Xilinx\SDK\2015.1\eclipse\win64.o\plugins\org.eclipse.equinox.launcher.win32.win32.x86_64_1.1.200.v20140116-2212\eclipse_1503.dll
0x000007fefc570000 - 0x000007fefc57c000 	C:\Windows\system32\VERSION.dll
0x000000006fcc0000 - 0x000000007051a000 	D:\Xilinx\SDK\2015.1\tps\win64\jre\bin\server\jvm.dll
0x000007fef8700000 - 0x000007fef8709000 	C:\Windows\system32\WSOCK32.dll
0x000007fefd8f0000 - 0x000007fefd93d000 	C:\Windows\system32\WS2_32.dll
0x000007feff950000 - 0x000007feff958000 	C:\Windows\system32\NSI.dll
0x000007fefa110000 - 0x000007fefa14b000 	C:\Windows\system32\WINMM.dll
0x00000000778b0000 - 0x00000000778b7000 	C:\Windows\system32\PSAPI.DLL
0x0000000072960000 - 0x0000000072a32000 	C:\Windows\system32\MSVCR100.dll
0x0000000077b10000 - 0x0000000077b1f000 	D:\Xilinx\SDK\2015.1\tps\win64\jre\bin\verify.dll
0x0000000077ae0000 - 0x0000000077b08000 	D:\Xilinx\SDK\2015.1\tps\win64\jre\bin\java.dll
0x0000000077ac0000 - 0x0000000077ad6000 	D:\Xilinx\SDK\2015.1\tps\win64\jre\bin\zip.dll
0x000007fefe100000 - 0x000007fefee89000 	C:\Windows\system32\SHELL32.dll
0x000007fefd940000 - 0x000007fefd9b1000 	C:\Windows\system32\SHLWAPI.dll
0x000007feff310000 - 0x000007feff513000 	C:\Windows\system32\ole32.dll
0x000007fefd490000 - 0x000007fefd49f000 	C:\Windows\system32\profapi.dll
0x000007fefcc90000 - 0x000007fefcca8000 	C:\Windows\system32\CRYPTSP.dll
0x000007fefc990000 - 0x000007fefc9d7000 	C:\Windows\system32\rsaenh.dll
0x000007fefd5b0000 - 0x000007fefd5ce000 	C:\Windows\system32\USERENV.dll
0x000007fefd290000 - 0x000007fefd29f000 	C:\Windows\system32\CRYPTBASE.dll
0x000000006fa40000 - 0x000000006fa5a000 	D:\Xilinx\SDK\2015.1\tps\win64\jre\bin\net.dll
0x000007fefcc30000 - 0x000007fefcc85000 	C:\Windows\system32\mswsock.dll
0x000007fefcc20000 - 0x000007fefcc27000 	C:\Windows\System32\wship6.dll
0x000007fef9da0000 - 0x000007fef9dc7000 	C:\Windows\system32\IPHLPAPI.DLL
0x000007fef9d80000 - 0x000007fef9d8b000 	C:\Windows\system32\WINNSI.DLL
0x000007fef9820000 - 0x000007fef9831000 	C:\Windows\system32\dhcpcsvc6.DLL
0x000007fef9800000 - 0x000007fef9818000 	C:\Windows\system32\dhcpcsvc.DLL
0x000000006f520000 - 0x000000006f531000 	D:\Xilinx\SDK\2015.1\tps\win64\jre\bin\nio.dll
0x000007fef9ec0000 - 0x000007fef9ed5000 	C:\Windows\system32\NLAapi.dll
0x000007fef9220000 - 0x000007fef9235000 	C:\Windows\system32\napinsp.dll
0x000007fef9240000 - 0x000007fef9259000 	C:\Windows\system32\pnrpnsp.dll
0x000007fefcab0000 - 0x000007fefcb0b000 	C:\Windows\system32\DNSAPI.dll
0x000007fef91e0000 - 0x000007fef91eb000 	C:\Windows\System32\winrnr.dll
0x000007fef91d0000 - 0x000007fef91e0000 	C:\Windows\system32\wshbth.dll
0x000007fefc640000 - 0x000007fefc647000 	C:\Windows\System32\wshtcpip.dll
0x000007fef92d0000 - 0x000007fef92d8000 	C:\Windows\system32\rasadhlp.dll
0x000007fef9760000 - 0x000007fef97b3000 	C:\Windows\System32\fwpuclnt.dll
0x000007fefd340000 - 0x000007fefd397000 	C:\Windows\system32\apphelp.dll
0x0000000018780000 - 0x0000000018828000 	C:\Users\Gulkevich_A\.Xilinx\SDK\2015.1\org.eclipse.osgi\bundles\288\1\.cp\swt-win32-4335.dll
0x000007feff5a0000 - 0x000007feff677000 	C:\Windows\system32\OLEAUT32.dll
0x000007feff7d0000 - 0x000007feff867000 	C:\Windows\system32\comdlg32.dll
0x000007fefc010000 - 0x000007fefc204000 	C:\Windows\WinSxS\amd64_microsoft.windows.common-controls_6595b64144ccf1df_6.0.7601.18837_none_fa3b1e3d17594757\COMCTL32.dll
0x000007fef5af0000 - 0x000007fef5b61000 	C:\Windows\system32\WINSPOOL.DRV
0x000007fefdcb0000 - 0x000007fefdf19000 	C:\Windows\system32\WININET.dll
0x000007fefd740000 - 0x000007fefd744000 	C:\Windows\system32\api-ms-win-downlevel-user32-l1-1-0.dll
0x000007fefd840000 - 0x000007fefd844000 	C:\Windows\system32\api-ms-win-downlevel-shlwapi-l1-1-0.dll
0x000007fefd760000 - 0x000007fefd764000 	C:\Windows\system32\api-ms-win-downlevel-version-l1-1-0.dll
0x000007fefd750000 - 0x000007fefd753000 	C:\Windows\system32\api-ms-win-downlevel-normaliz-l1-1-0.dll
0x00000000778c0000 - 0x00000000778c3000 	C:\Windows\system32\normaliz.DLL
0x000007fefd9c0000 - 0x000007fefdc87000 	C:\Windows\system32\iertutil.dll
0x000007fefd590000 - 0x000007fefd595000 	C:\Windows\system32\api-ms-win-downlevel-advapi32-l1-1-0.dll
0x000007fefd5d0000 - 0x000007fefd73d000 	C:\Windows\system32\CRYPT32.dll
0x000007fefd4a0000 - 0x000007fefd4af000 	C:\Windows\system32\MSASN1.dll
0x000007fefbfb0000 - 0x000007fefc006000 	C:\Windows\system32\uxtheme.dll
0x000007fefb810000 - 0x000007fefb828000 	C:\Windows\system32\dwmapi.dll
0x000007fefb830000 - 0x000007fefb95c000 	C:\Windows\system32\propsys.dll
0x000007feff960000 - 0x000007feff9f9000 	C:\Windows\system32\CLBCatQ.DLL
0x000007fedf8a0000 - 0x000007fedf8bc000 	D:\Xilinx\SDK\2015.1\lib\win64.o\librdi_hw_platform.dll
0x000007fee0420000 - 0x000007fee0442000 	D:\Xilinx\SDK\2015.1\lib\win64.o\libboost_filesystem.dll
0x000007fef91a0000 - 0x000007fef91a9000 	D:\Xilinx\SDK\2015.1\lib\win64.o\libboost_system.dll
0x000007fee0a90000 - 0x000007fee0b37000 	C:\Windows\system32\MSVCP110.dll
0x000007fee0b80000 - 0x000007fee0c54000 	C:\Windows\system32\MSVCR110.dll
0x000007fedd060000 - 0x000007fedd9a4000 	D:\Xilinx\SDK\2015.1\lib\win64.o\librdi_common.dll
0x000007feddbf0000 - 0x000007fedde98000 	D:\Xilinx\SDK\2015.1\lib\win64.o\libCOIN-all.dll
0x000007feddf30000 - 0x000007fede150000 	D:\Xilinx\SDK\2015.1\lib\win64.o\libXil_lmgr11.dll
0x000007fefb4f0000 - 0x000007fefb506000 	C:\Windows\system32\NETAPI32.dll
0x000007fefc8c0000 - 0x000007fefc8cc000 	C:\Windows\system32\netutils.dll
0x000007fefd000000 - 0x000007fefd023000 	C:\Windows\system32\srvcli.dll
0x000007fefb4d0000 - 0x000007fefb4e5000 	C:\Windows\system32\wkscli.dll
0x000007fefd550000 - 0x000007fefd58b000 	C:\Windows\system32\WINTRUST.dll
0x000007fef8bb0000 - 0x000007fef8bc0000 	D:\Xilinx\SDK\2015.1\lib\win64.o\libboost_date_time.dll
0x000007fedf8c0000 - 0x000007fedf934000 	D:\Xilinx\SDK\2015.1\lib\win64.o\libboost_program_options.dll
0x000007feddaf0000 - 0x000007feddbea000 	D:\Xilinx\SDK\2015.1\lib\win64.o\libboost_regex.dll
0x000007fee0210000 - 0x000007fee0223000 	D:\Xilinx\SDK\2015.1\lib\win64.o\libboost_signals.dll
0x000007fee00c0000 - 0x000007fee00dd000 	D:\Xilinx\SDK\2015.1\lib\win64.o\libboost_thread.dll
0x000007fef10c0000 - 0x000007fef10cb000 	D:\Xilinx\SDK\2015.1\lib\win64.o\libboost_chrono.dll
0x000007fedf940000 - 0x000007fedf9c0000 	D:\Xilinx\SDK\2015.1\lib\win64.o\libhdlpsolve.dll
0x000007fedcfc0000 - 0x000007fedd05a000 	D:\Xilinx\SDK\2015.1\lib\win64.o\libhdxml.dll
0x000007fedc9b0000 - 0x000007fedcfba200 	D:\Xilinx\SDK\2015.1\lib\win64.o\libisl_iostreams.dll
0x000007fedfb70000 - 0x000007fedfb86000 	D:\Xilinx\SDK\2015.1\lib\win64.o\libboost_iostreams.dll
0x000007fede960000 - 0x000007fede983000 	D:\Xilinx\SDK\2015.1\lib\win64.o\librdizlib.dll
0x000007fede990000 - 0x000007fede9b3000 	D:\Xilinx\SDK\2015.1\lib\win64.o\libisl_iosutils.dll
0x000007feddf00000 - 0x000007feddf2a000 	D:\Xilinx\SDK\2015.1\lib\win64.o\libisl_sysinfo.dll
0x000007fee0230000 - 0x000007fee0245000 	D:\Xilinx\SDK\2015.1\lib\win64.o\pthreadVC2.dll
0x000007feddea0000 - 0x000007feddef6000 	D:\Xilinx\SDK\2015.1\lib\win64.o\librdi_commonxillic.dll
0x000007fedc880000 - 0x000007fedc9b0000 	D:\Xilinx\SDK\2015.1\lib\win64.o\librdi_curl.dll
0x000007fedfb50000 - 0x000007fedfb68000 	D:\Xilinx\SDK\2015.1\lib\win64.o\librdiconfig.dll
0x000000001ea20000 - 0x000000001eb47000 	D:\Xilinx\SDK\2015.1\lib\win64.o\tcl85t.dll
0x000000001f200000 - 0x000000001f463000 	D:\Xilinx\SDK\2015.1\lib\win64.o\xerces-c_3_1.dll
0x000007fefb1f0000 - 0x000007fefb261000 	C:\Windows\system32\WINHTTP.dll
0x000007fefb180000 - 0x000007fefb1e4000 	C:\Windows\system32\webio.dll
0x000007fefefa0000 - 0x000007feff125000 	C:\Windows\system32\urlmon.dll
0x000007fefd5a0000 - 0x000007fefd5a4000 	C:\Windows\system32\api-ms-win-downlevel-ole32-l1-1-0.dll
0x000007fedc850000 - 0x000007fedc873000 	C:\Windows\system32\VCOMP110.DLL
0x000007fedc260000 - 0x000007fedc434000 	D:\Xilinx\SDK\2015.1\lib\win64.o\librdi_hsm.dll
0x000007fedc220000 - 0x000007fedc25e000 	D:\Xilinx\SDK\2015.1\lib\win64.o\librdi_hdf.dll
0x000007fedad30000 - 0x000007fedaeea000 	D:\Xilinx\SDK\2015.1\lib\win64.o\librdi_ippcw.dll
0x0000000180000000 - 0x0000000180012000 	C:\Users\Gulkevich_A\.Xilinx\SDK\2015.1\org.eclipse.osgi\bundles\114\1\.cp\os\win32\x86_64\localfile_1_0_0.dll
0x000007fee0950000 - 0x000007fee0960000 	D:\Xilinx\SDK\2015.1\lib\win64.o\librdi_repo_manager.dll
0x000007fedc440000 - 0x000007fedc84a000 	D:\Xilinx\SDK\2015.1\lib\win64.o\librdi_commontasks.dll
0x000007fedaef0000 - 0x000007fedb700000 	D:\Xilinx\SDK\2015.1\lib\win64.o\libXil_lmgr11FNP.dll
0x000007fef6140000 - 0x000007fef614b000 	C:\Windows\system32\snmpapi.dll
0x000007feff130000 - 0x000007feff307000 	C:\Windows\system32\SETUPAPI.dll
0x000007fefd790000 - 0x000007fefd7c6000 	C:\Windows\system32\CFGMGR32.dll
0x000007fefd770000 - 0x000007fefd78a000 	C:\Windows\system32\DEVOBJ.dll
0x000007fee2230000 - 0x000007fee2284000 	C:\Windows\system32\OLEACC.dll
0x000007fefd260000 - 0x000007fefd285000 	C:\Windows\system32\SspiCli.dll
0x000007fefa410000 - 0x000007fefa41e000 	C:\Windows\system32\wbem\wbemprox.dll
0x000007fefa390000 - 0x000007fefa40d000 	C:\Windows\system32\wbemcomn2.dll
0x000007fefd3e0000 - 0x000007fefd3f4000 	C:\Windows\system32\RpcRtRemote.dll
0x000007fef6b90000 - 0x000007fef6ba4000 	C:\Windows\system32\wbem\wbemsvc.dll
0x000007fef6fb0000 - 0x000007fef7084000 	C:\Windows\system32\wbem\fastprox.dll
0x000007fef91f0000 - 0x000007fef9217000 	C:\Windows\system32\NTDSAPI.dll

VM Arguments:
jvm_args: -Dorg.eclipse.cdt.core.console org.eclipse.cdt.core.systemConsole -Xms64m -Xmx512m & 
java_command: <unknown>
java_class_path (initial): D:\Xilinx\SDK\2015.1\eclipse\win64.o\\plugins/org.eclipse.equinox.launcher_1.3.0.v20130327-1440.jar
Launcher Type: generic

Environment Variables:
PATH=D:/Xilinx/SDK/2015.1/tps/win64/jre/bin/server;D:/Xilinx/SDK/2015.1/tps/win64/jre/bin;D:/Xilinx/SDK/2015.1/tps/win64/jre/lib/amd64;\D:\Xilinx\SDK\2015.1\tps\win64\jre\bin;D:\Xilinx\SDK\2015.1\tps\win64\jre\bin;D:\Xilinx\SDK\2015.1\gnuwin\bin;D:\Xilinx\SDK\2015.1\bin;D:\Xilinx\SDK\2015.1\gnu\microblaze\nt\bin;D:\Xilinx\SDK\2015.1\gnu\microblaze\linux_toolchain\nt64_le\bin;D:\Xilinx\SDK\2015.1\gnu\microblaze\linux_toolchain\nt64_be\bin;D:\Xilinx\SDK\2015.1\gnu\arm\nt\bin;D:\Xilinx\SDK\2015.1\gnu\aarch64\nt\aarch64-none\bin;D:\Xilinx\SDK\2015.1\gnu\aarch64\nt\aarch64-linux\bin;D:\Xilinx\SDK\2015.1\gnu\armr5\nt\gcc-arm-none-eabi\bin;;D:/Xilinx/SDK/2015.1/bin;D:/Xilinx/SDK/2015.1/lib/win64.o;D:/Xilinx/SDK/2015.1/tps/win64/jre/bin/server;D:/Xilinx/SDK/2015.1/tps/win64/jre/bin;D:/Xilinx/SDK/2015.1/bin;D:/Xilinx/SDK/2015.1/bin;D:/Xilinx/SDK/2015.1/gnuwin//bin;D:/Xilinx/SDK/2015.1/gnu/microblaze/nt/bin;D:/Xilinx/SDK/2015.1/gnu/microblaze/linux_toolchain/nt64_le/bin;D:/Xilinx/SDK/2015.1/gnu/microblaze/linux_toolchain/nt64_be/bin;D:/Xilinx/SDK/2015.1/gnu/arm/nt/bin;D:/Xilinx/SDK/2015.1/bin;D:/Xilinx/SDK/2015.1/lib/win64.o;D:/Xilinx/SDK/2015.1/tps/win64/jre/bin/server;D:/Xilinx/SDK/2015.1/tps/win64/jre/bin;D:/Xilinx/SDK/2015.1/bin;C:\ProgramData\Oracle\Java\javapath;D:\Ruby\bin;C:\Windows\system32;C:\Windows;C:\Windows\System32\Wbem;C:\Windows\System32\WindowsPowerShell\v1.0\;C:\Program Files (x86)\NVIDIA Corporation\PhysX\Common;D:\Strawberry\c\bin;D:\Strawberry\perl\site\bin;D:\Strawberry\perl\bin;C:\Windows\System32\WindowsPowerShell\v1.0\;%USERPROFILE%\.dnx\bin;C:\Program Files\Microsoft DNX\Dnvm\;C:\Program Files\Microsoft SQL Server\120\Tools\Binn\;C:\Windows\System32\WindowsPowerShell\v1.0\;C:\Program Files (x86)\Windows Kits\8.1\Windows Performance Toolkit\;D:\Microsoft Visual Studio 14.0\VC\bin;C:\Program Files\Microsoft\Web Platform Installer\;C:\Program Files (x86)\Skype\Phone\;C:\Users\Gulkevich_A\Desktop\xilinx_auto;
USERNAME=Gulkevich_A
OS=Windows_NT
PROCESSOR_IDENTIFIER=Intel64 Family 6 Model 45 Stepping 7, GenuineIntel



---------------  S Y S T E M  ---------------

OS: Windows 7 , 64 bit Build 7601 Service Pack 1

CPU:total 8 (4 cores per cpu, 2 threads per core) family 6 model 45 stepping 7, cmov, cx8, fxsr, mmx, sse, sse2, sse3, ssse3, sse4.1, sse4.2, popcnt, avx, aes, clmul, ht, tsc, tscinvbit, tscinv

Memory: 4k page, physical 16718204k(11621816k free), swap 33434572k(27335568k free)

vm_info: Java HotSpot(TM) 64-Bit Server VM (25.25-b02) for windows-amd64 JRE (1.8.0_25-b18), built on Oct  7 2014 14:25:37 by "java_re" with MS VC++ 10.0 (VS2010)

time: Thu Nov 19 12:21:10 2015
elapsed time: 10 seconds (0d 0h 0m 10s)

